#
# A fatal error has been detected by the Java Runtime Environment:
#
#  SIGSEGV (0xb) at pc=0x00007f0cae13f46b, pid=8952, tid=139693006448384
#
# JRE version: Java(TM) SE Runtime Environment (8.0_66-b17) (build 1.8.0_66-b17)
# Java VM: Java HotSpot(TM) 64-Bit Server VM (25.66-b17 mixed mode linux-amd64 compressed oops)
# Problematic frame:
# C  [librocksdbjni4503696337650026302..so+0x1fa46b]  rocksdb::MergingIterator::value() const+0xb
#
# Failed to write core dump. Core dumps have been disabled. To enable core dumping, try "ulimit -c unlimited" before starting Java again
#
# If you would like to submit a bug report, please visit:
#   http://bugreport.java.com/bugreport/crash.jsp
# The crash happened outside the Java Virtual Machine in native code.
# See problematic frame for where to report the bug.
#

---------------  T H R E A D  ---------------

Current thread (0x00007f0cc800b000):  JavaThread "main" [_thread_in_native, id=8958, stack(0x00007f0ccff6e000,0x00007f0cd006f000)]

siginfo: si_signo: 11 (SIGSEGV), si_code: 1 (SEGV_MAPERR), si_addr: 0x0000000000000000

Registers:
RAX=0x0000000000000000, RBX=0x00007f0cc800b1f8, RCX=0x00007f0cc80c8b20, RDX=0x00007f0cc83e7a90
RSP=0x00007f0cd006c820, RBP=0x00007f0cd006c820, RSI=0x00007f0cd006c880, RDI=0x00007f0cc83e7ba0
R8 =0x00007f0cc83e7b58, R9 =0x0000000000000000, R10=0x00007f0cb91d0ff8, R11=0x00007f0ccf601c70
R12=0x0000000000000000, R13=0x00007f0cb4b16538, R14=0x00000000d7374488, R15=0x00007f0cc800b000
RIP=0x00007f0cae13f46b, EFLAGS=0x0000000000010246, CSGSFS=0x0000000000000033, ERR=0x0000000000000004
  TRAPNO=0x000000000000000e

Top of Stack: (sp=0x00007f0cd006c820)
0x00007f0cd006c820:   00007f0cd006c830 00007f0cae0cf10e
0x00007f0cd006c830:   00007f0cd006c840 00007f0cae0cf06e
0x00007f0cd006c840:   00007f0cd006c870 00007f0cae04dbb7
0x00007f0cd006c850:   00007f0cb4b14dd0 0000000000000000
0x00007f0cd006c860:   00007f0cb4b16538 00000000d7374488
0x00007f0cd006c870:   00007f0cd006c8c0 00007f0cb91d1068
0x00007f0cd006c880:   00000000d7374440 00000000d7374488
0x00007f0cd006c890:   00007f0c000003e7 0000000000000000
0x00007f0cd006c8a0:   00000000d7374440 0000000084a579a0
0x00007f0cd006c8b0:   0000000084a0f750 00000000da1a1330
0x00007f0cd006c8c0:   0000000084a54d20 00007f0cb91f16f0
0x00007f0cd006c8d0:   00000000d7374440 0000000084a57950
0x00007f0cd006c8e0:   0000000084a579a0 009e3400000003e7
0x00007f0cd006c8f0:   0000000084a57980 00000001000016d0
0x00007f0cd006c900:   0000000084a54d30 00000000d7d851e8
0x00007f0cd006c910:   0000000000000000 0000000000000000
0x00007f0cd006c920:   00007f0cd006c978 00007f0cb9007c4d
0x00007f0cd006c930:   0000000084a57950 00007f0cd006c938
0x00007f0cd006c940:   00007f0cb4a821ac 00007f0cd006c9b8
0x00007f0cd006c950:   00007f0cb4aa2aa8 0000000000000000
0x00007f0cd006c960:   00007f0cb4a82230 00007f0cd006c930
0x00007f0cd006c970:   00007f0cd006c9b8 00007f0cd006ca20
0x00007f0cd006c980:   00007f0cb90007a7 0000000000000000
0x00007f0cd006c990:   0000000000000000 0000000000000000
0x00007f0cd006c9a0:   0000000000000000 000001516d102907
0x00007f0cd006c9b0:   0000000000000000 0000000084a57950
0x00007f0cd006c9c0:   0000000000001fa0 00007f0cc80085e8
0x00007f0cd006c9d0:   00007f0cc800b000 00007f0cd006caa0
0x00007f0cd006c9e0:   00007f0cd006cdb0 00007f0cd006ca60
0x00007f0cd006c9f0:   00007f0cd006ca60 00007f0cd006cdb8
0x00007f0cd006ca00:   00007f0c0000000a 00007f0cb4a82230
0x00007f0cd006ca10:   00007f0cb9010c00 00007f0cd006cca8 

Instructions: (pc=0x00007f0cae13f46b)
0x00007f0cae13f44b:   c3 0f 1f 40 00 48 8b 87 d8 00 00 00 48 8b 50 18
0x00007f0cae13f45b:   48 8b 40 10 c3 55 48 8b 87 d8 00 00 00 48 89 e5
0x00007f0cae13f46b:   48 8b 38 48 8b 07 ff 50 48 5d c3 66 2e 0f 1f 84
0x00007f0cae13f47b:   00 00 00 00 00 55 48 89 e5 41 57 41 56 49 89 f6 

Register to memory mapping:

RAX=0x0000000000000000 is an unknown value
RBX=0x00007f0cc800b1f8 is an unknown value
RCX=0x00007f0cc80c8b20 is an unknown value
RDX=0x00007f0cc83e7a90 is an unknown value
RSP=0x00007f0cd006c820 is pointing into the stack for thread: 0x00007f0cc800b000
RBP=0x00007f0cd006c820 is pointing into the stack for thread: 0x00007f0cc800b000
RSI=0x00007f0cd006c880 is pointing into the stack for thread: 0x00007f0cc800b000
RDI=0x00007f0cc83e7ba0 is an unknown value
R8 =0x00007f0cc83e7b58 is an unknown value
R9 =0x0000000000000000 is an unknown value
R10=0x00007f0cb91d0ff8 is at entry_point+56 in (nmethod*)0x00007f0cb91d0e50
R11=0x00007f0ccf601c70: <offset 0x187c70> in /lib/x86_64-linux-gnu/libc.so.6 at 0x00007f0ccf47a000
R12=0x0000000000000000 is an unknown value
R13=0x00007f0cb4b16538 is pointing into metadata
R14=0x00000000d7374488 is an oop
java.nio.HeapByteBuffer 
 - klass: 'java/nio/HeapByteBuffer'
R15=0x00007f0cc800b000 is a thread


Stack: [0x00007f0ccff6e000,0x00007f0cd006f000],  sp=0x00007f0cd006c820,  free space=1018k
Native frames: (J=compiled Java code, j=interpreted, Vv=VM code, C=native code)
C  [librocksdbjni4503696337650026302..so+0x1fa46b]  rocksdb::MergingIterator::value() const+0xb
C  [librocksdbjni4503696337650026302..so+0x18a10e]  rocksdb::DBIter::value() const+0x2e
C  [librocksdbjni4503696337650026302..so+0x18a06e]  rocksdb::ArenaWrappedDBIter::value() const+0xe
C  [librocksdbjni4503696337650026302..so+0x108bb7]  Java_org_rocksdb_RocksIterator_value0+0x17
J 300  org.rocksdb.RocksIterator.value0(J)[B (0 bytes) @ 0x00007f0cb91d1068 [0x00007f0cb91d0fc0+0xa8]
J 328% C2 org.yamcs.parameterarchive.TestStructure.scanParameters()V (248 bytes) @ 0x00007f0cb91f16f0 [0x00007f0cb91f1580+0x170]
j  org.yamcs.parameterarchive.TestStructure.testAllParamsInOneCf()V+100
v  ~StubRoutines::call_stub
V  [libjvm.so+0x68bc46]  JavaCalls::call_helper(JavaValue*, methodHandle*, JavaCallArguments*, Thread*)+0x1056
V  [libjvm.so+0x991bf7]  Reflection::invoke(instanceKlassHandle, methodHandle, Handle, bool, objArrayHandle, BasicType, objArrayHandle, bool, Thread*)+0x5d7
V  [libjvm.so+0x995307]  Reflection::invoke_method(oopDesc*, Handle, objArrayHandle, Thread*)+0x147
V  [libjvm.so+0x71a6db]  JVM_InvokeMethod+0x26b
j  sun.reflect.NativeMethodAccessorImpl.invoke0(Ljava/lang/reflect/Method;Ljava/lang/Object;[Ljava/lang/Object;)Ljava/lang/Object;+0
j  sun.reflect.NativeMethodAccessorImpl.invoke(Ljava/lang/Object;[Ljava/lang/Object;)Ljava/lang/Object;+100
j  sun.reflect.DelegatingMethodAccessorImpl.invoke(Ljava/lang/Object;[Ljava/lang/Object;)Ljava/lang/Object;+6
j  java.lang.reflect.Method.invoke(Ljava/lang/Object;[Ljava/lang/Object;)Ljava/lang/Object;+56
j  org.junit.runners.model.FrameworkMethod$1.runReflectiveCall()Ljava/lang/Object;+15
j  org.junit.internal.runners.model.ReflectiveCallable.run()Ljava/lang/Object;+1
j  org.junit.runners.model.FrameworkMethod.invokeExplosively(Ljava/lang/Object;[Ljava/lang/Object;)Ljava/lang/Object;+10
j  org.junit.internal.runners.statements.InvokeMethod.evaluate()V+12
j  org.junit.runners.BlockJUnit4ClassRunner.runNotIgnored(Lorg/junit/runners/model/FrameworkMethod;Lorg/junit/internal/runners/model/EachTestNotifier;)V+9
j  org.junit.runners.BlockJUnit4ClassRunner.runChild(Lorg/junit/runners/model/FrameworkMethod;Lorg/junit/runner/notification/RunNotifier;)V+28
j  org.junit.runners.BlockJUnit4ClassRunner.runChild(Ljava/lang/Object;Lorg/junit/runner/notification/RunNotifier;)V+6
j  org.junit.runners.ParentRunner$3.run()V+12
j  org.junit.runners.ParentRunner$1.schedule(Ljava/lang/Runnable;)V+1
j  org.junit.runners.ParentRunner.runChildren(Lorg/junit/runner/notification/RunNotifier;)V+40
j  org.junit.runners.ParentRunner.access$000(Lorg/junit/runners/ParentRunner;Lorg/junit/runner/notification/RunNotifier;)V+2
j  org.junit.runners.ParentRunner$2.evaluate()V+8
j  org.junit.runners.ParentRunner.run(Lorg/junit/runner/notification/RunNotifier;)V+20
j  org.eclipse.jdt.internal.junit4.runner.JUnit4TestReference.run(Lorg/eclipse/jdt/internal/junit/runner/TestExecution;)V+72
j  org.eclipse.jdt.internal.junit.runner.TestExecution.run([Lorg/eclipse/jdt/internal/junit/runner/ITestReference;)V+17
j  org.eclipse.jdt.internal.junit.runner.RemoteTestRunner.runTests([Ljava/lang/String;Ljava/lang/String;Lorg/eclipse/jdt/internal/junit/runner/TestExecution;)V+61
j  org.eclipse.jdt.internal.junit.runner.RemoteTestRunner.runTests(Lorg/eclipse/jdt/internal/junit/runner/TestExecution;)V+10
j  org.eclipse.jdt.internal.junit.runner.RemoteTestRunner.run()V+70
j  org.eclipse.jdt.internal.junit.runner.RemoteTestRunner.main([Ljava/lang/String;)V+14
v  ~StubRoutines::call_stub
V  [libjvm.so+0x68bc46]  JavaCalls::call_helper(JavaValue*, methodHandle*, JavaCallArguments*, Thread*)+0x1056
V  [libjvm.so+0x6cd262]  jni_invoke_static(JNIEnv_*, JavaValue*, _jobject*, JNICallType, _jmethodID*, JNI_ArgumentPusher*, Thread*)+0x362
V  [libjvm.so+0x6e9c6a]  jni_CallStaticVoidMethod+0x17a
C  [libjli.so+0x7bcc]  JavaMain+0x80c
C  [libpthread.so.0+0x8182]  start_thread+0xc2

Java frames: (J=compiled Java code, j=interpreted, Vv=VM code)
J 300  org.rocksdb.RocksIterator.value0(J)[B (0 bytes) @ 0x00007f0cb91d0ff8 [0x00007f0cb91d0fc0+0x38]
J 328% C2 org.yamcs.parameterarchive.TestStructure.scanParameters()V (248 bytes) @ 0x00007f0cb91f16f0 [0x00007f0cb91f1580+0x170]
j  org.yamcs.parameterarchive.TestStructure.testAllParamsInOneCf()V+100
v  ~StubRoutines::call_stub
j  sun.reflect.NativeMethodAccessorImpl.invoke0(Ljava/lang/reflect/Method;Ljava/lang/Object;[Ljava/lang/Object;)Ljava/lang/Object;+0
j  sun.reflect.NativeMethodAccessorImpl.invoke(Ljava/lang/Object;[Ljava/lang/Object;)Ljava/lang/Object;+100
j  sun.reflect.DelegatingMethodAccessorImpl.invoke(Ljava/lang/Object;[Ljava/lang/Object;)Ljava/lang/Object;+6
j  java.lang.reflect.Method.invoke(Ljava/lang/Object;[Ljava/lang/Object;)Ljava/lang/Object;+56
j  org.junit.runners.model.FrameworkMethod$1.runReflectiveCall()Ljava/lang/Object;+15
j  org.junit.internal.runners.model.ReflectiveCallable.run()Ljava/lang/Object;+1
j  org.junit.runners.model.FrameworkMethod.invokeExplosively(Ljava/lang/Object;[Ljava/lang/Object;)Ljava/lang/Object;+10
j  org.junit.internal.runners.statements.InvokeMethod.evaluate()V+12
j  org.junit.runners.BlockJUnit4ClassRunner.runNotIgnored(Lorg/junit/runners/model/FrameworkMethod;Lorg/junit/internal/runners/model/EachTestNotifier;)V+9
j  org.junit.runners.BlockJUnit4ClassRunner.runChild(Lorg/junit/runners/model/FrameworkMethod;Lorg/junit/runner/notification/RunNotifier;)V+28
j  org.junit.runners.BlockJUnit4ClassRunner.runChild(Ljava/lang/Object;Lorg/junit/runner/notification/RunNotifier;)V+6
j  org.junit.runners.ParentRunner$3.run()V+12
j  org.junit.runners.ParentRunner$1.schedule(Ljava/lang/Runnable;)V+1
j  org.junit.runners.ParentRunner.runChildren(Lorg/junit/runner/notification/RunNotifier;)V+40
j  org.junit.runners.ParentRunner.access$000(Lorg/junit/runners/ParentRunner;Lorg/junit/runner/notification/RunNotifier;)V+2
j  org.junit.runners.ParentRunner$2.evaluate()V+8
j  org.junit.runners.ParentRunner.run(Lorg/junit/runner/notification/RunNotifier;)V+20
j  org.eclipse.jdt.internal.junit4.runner.JUnit4TestReference.run(Lorg/eclipse/jdt/internal/junit/runner/TestExecution;)V+72
j  org.eclipse.jdt.internal.junit.runner.TestExecution.run([Lorg/eclipse/jdt/internal/junit/runner/ITestReference;)V+17
j  org.eclipse.jdt.internal.junit.runner.RemoteTestRunner.runTests([Ljava/lang/String;Ljava/lang/String;Lorg/eclipse/jdt/internal/junit/runner/TestExecution;)V+61
j  org.eclipse.jdt.internal.junit.runner.RemoteTestRunner.runTests(Lorg/eclipse/jdt/internal/junit/runner/TestExecution;)V+10
j  org.eclipse.jdt.internal.junit.runner.RemoteTestRunner.run()V+70
j  org.eclipse.jdt.internal.junit.runner.RemoteTestRunner.main([Ljava/lang/String;)V+14
v  ~StubRoutines::call_stub

---------------  P R O C E S S  ---------------

Java Threads: ( => current thread )
  0x00007f0cc821b000 JavaThread "ReaderThread" [_thread_in_native, id=8972, stack(0x00007f0cae6ba000,0x00007f0cae7bb000)]
  0x00007f0cc80c3800 JavaThread "Service Thread" daemon [_thread_blocked, id=8970, stack(0x00007f0caec26000,0x00007f0caed27000)]
  0x00007f0cc80be800 JavaThread "C1 CompilerThread2" daemon [_thread_blocked, id=8969, stack(0x00007f0caed27000,0x00007f0caee28000)]
  0x00007f0cc80bc800 JavaThread "C2 CompilerThread1" daemon [_thread_blocked, id=8968, stack(0x00007f0caee28000,0x00007f0caef29000)]
  0x00007f0cc80b9800 JavaThread "C2 CompilerThread0" daemon [_thread_blocked, id=8967, stack(0x00007f0caef29000,0x00007f0caf02a000)]
  0x00007f0cc80b8000 JavaThread "Signal Dispatcher" daemon [_thread_blocked, id=8966, stack(0x00007f0caf02a000,0x00007f0caf12b000)]
  0x00007f0cc8080000 JavaThread "Finalizer" daemon [_thread_blocked, id=8965, stack(0x00007f0caf3f4000,0x00007f0caf4f5000)]
  0x00007f0cc807e000 JavaThread "Reference Handler" daemon [_thread_blocked, id=8964, stack(0x00007f0caf4f5000,0x00007f0caf5f6000)]
=>0x00007f0cc800b000 JavaThread "main" [_thread_in_native, id=8958, stack(0x00007f0ccff6e000,0x00007f0cd006f000)]

Other Threads:
  0x00007f0cc8079000 VMThread [stack: 0x00007f0caf5f6000,0x00007f0caf6f7000] [id=8963]
  0x00007f0cc80c7000 WatcherThread [stack: 0x00007f0caeb25000,0x00007f0caec26000] [id=8971]

VM state:not at safepoint (normal execution)

VM Mutex/Monitor currently owned by a thread: None

Heap:
 PSYoungGen      total 24064K, used 16126K [0x00000000d6e00000, 0x00000000e5d80000, 0x0000000100000000)
  eden space 23552K, 68% used [0x00000000d6e00000,0x00000000d7daf870,0x00000000d8500000)
  from space 512K, 12% used [0x00000000e5c80000,0x00000000e5c90000,0x00000000e5d00000)
  to   space 512K, 0% used [0x00000000e5d00000,0x00000000e5d00000,0x00000000e5d80000)
 ParOldGen       total 84992K, used 2788K [0x0000000084a00000, 0x0000000089d00000, 0x00000000d6e00000)
  object space 84992K, 3% used [0x0000000084a00000,0x0000000084cb93d8,0x0000000089d00000)
 Metaspace       used 5372K, capacity 5524K, committed 5888K, reserved 1056768K
  class space    used 614K, capacity 656K, committed 768K, reserved 1048576K

Card table byte_map: [0x00007f0ccc964000,0x00007f0cccd40000] byte_map_base: 0x00007f0ccc53f000

Marking Bits: (ParMarkBitMap*) 0x00007f0ccf44f020
 Begin Bits: [0x00007f0cb5250000, 0x00007f0cb7128000)
 End Bits:   [0x00007f0cb7128000, 0x00007f0cb9000000)

Polling page: 0x00007f0cd0096000

CodeCache: size=245760Kb used=2135Kb max_used=2144Kb free=243624Kb
 bounds [0x00007f0cb9000000, 0x00007f0cb9270000, 0x00007f0cc8000000]
 total_blobs=723 nmethods=411 adapters=226
 compilation: enabled

Compilation events (10 events):
Event: 310.737 Thread 0x00007f0cc80be800  417       3       java.nio.Bits::long1 (7 bytes)
Event: 310.738 Thread 0x00007f0cc80be800 nmethod 417 0x00007f0cb9107c50 code [0x00007f0cb9107da0, 0x00007f0cb9107ef0]
Event: 310.738 Thread 0x00007f0cc80be800  418       3       java.nio.Bits::long0 (4 bytes)
Event: 310.738 Thread 0x00007f0cc80be800 nmethod 418 0x00007f0cb912ba90 code [0x00007f0cb912bbe0, 0x00007f0cb912bd10]
Event: 327.020 Thread 0x00007f0cc80be800  420       3       java.nio.Bits::putIntB (43 bytes)
Event: 327.021 Thread 0x00007f0cc80be800 nmethod 420 0x00007f0cb910b690 code [0x00007f0cb910b840, 0x00007f0cb910be18]
Event: 327.021 Thread 0x00007f0cc80be800  421       3       java.nio.Bits::putLongB (89 bytes)
Event: 327.022 Thread 0x00007f0cc80be800 nmethod 421 0x00007f0cb9115810 code [0x00007f0cb9115a20, 0x00007f0cb91164d8]
Event: 327.022 Thread 0x00007f0cc80be800  422       3       org.rocksdb.AbstractRocksIterator::seek (33 bytes)
Event: 327.023 Thread 0x00007f0cc80be800 nmethod 422 0x00007f0cb910a910 code [0x00007f0cb910aa80, 0x00007f0cb910acc8]

GC Heap History (10 events):
Event: 763.777 GC heap before
{Heap before GC invocations=217 (full 0):
 PSYoungGen      total 24064K, used 23648K [0x00000000d6e00000, 0x00000000e5d80000, 0x0000000100000000)
  eden space 23552K, 100% used [0x00000000d6e00000,0x00000000d8500000,0x00000000d8500000)
  from space 512K, 18% used [0x00000000e5d00000,0x00000000e5d18000,0x00000000e5d80000)
  to   space 512K, 0% used [0x00000000e5c80000,0x00000000e5c80000,0x00000000e5d00000)
 ParOldGen       total 84992K, used 2748K [0x0000000084a00000, 0x0000000089d00000, 0x00000000d6e00000)
  object space 84992K, 3% used [0x0000000084a00000,0x0000000084caf3d8,0x0000000089d00000)
 Metaspace       used 5372K, capacity 5524K, committed 5888K, reserved 1056768K
  class space    used 614K, capacity 656K, committed 768K, reserved 1048576K
Event: 763.785 GC heap after
Heap after GC invocations=217 (full 0):
 PSYoungGen      total 24064K, used 64K [0x00000000d6e00000, 0x00000000e5d80000, 0x0000000100000000)
  eden space 23552K, 0% used [0x00000000d6e00000,0x00000000d6e00000,0x00000000d8500000)
  from space 512K, 12% used [0x00000000e5c80000,0x00000000e5c90000,0x00000000e5d00000)
  to   space 512K, 0% used [0x00000000e5d00000,0x00000000e5d00000,0x00000000e5d80000)
 ParOldGen       total 84992K, used 2756K [0x0000000084a00000, 0x0000000089d00000, 0x00000000d6e00000)
  object space 84992K, 3% used [0x0000000084a00000,0x0000000084cb13d8,0x0000000089d00000)
 Metaspace       used 5372K, capacity 5524K, committed 5888K, reserved 1056768K
  class space    used 614K, capacity 656K, committed 768K, reserved 1048576K
}
Event: 765.553 GC heap before
{Heap before GC invocations=218 (full 0):
 PSYoungGen      total 24064K, used 23616K [0x00000000d6e00000, 0x00000000e5d80000, 0x0000000100000000)
  eden space 23552K, 100% used [0x00000000d6e00000,0x00000000d8500000,0x00000000d8500000)
  from space 512K, 12% used [0x00000000e5c80000,0x00000000e5c90000,0x00000000e5d00000)
  to   space 512K, 0% used [0x00000000e5d00000,0x00000000e5d00000,0x00000000e5d80000)
 ParOldGen       total 84992K, used 2756K [0x0000000084a00000, 0x0000000089d00000, 0x00000000d6e00000)
  object space 84992K, 3% used [0x0000000084a00000,0x0000000084cb13d8,0x0000000089d00000)
 Metaspace       used 5372K, capacity 5524K, committed 5888K, reserved 1056768K
  class space    used 614K, capacity 656K, committed 768K, reserved 1048576K
Event: 765.555 GC heap after
Heap after GC invocations=218 (full 0):
 PSYoungGen      total 24064K, used 64K [0x00000000d6e00000, 0x00000000e5d80000, 0x0000000100000000)
  eden space 23552K, 0% used [0x00000000d6e00000,0x00000000d6e00000,0x00000000d8500000)
  from space 512K, 12% used [0x00000000e5d00000,0x00000000e5d10000,0x00000000e5d80000)
  to   space 512K, 0% used [0x00000000e5c80000,0x00000000e5c80000,0x00000000e5d00000)
 ParOldGen       total 84992K, used 2764K [0x0000000084a00000, 0x0000000089d00000, 0x00000000d6e00000)
  object space 84992K, 3% used [0x0000000084a00000,0x0000000084cb33d8,0x0000000089d00000)
 Metaspace       used 5372K, capacity 5524K, committed 5888K, reserved 1056768K
  class space    used 614K, capacity 656K, committed 768K, reserved 1048576K
}
Event: 767.387 GC heap before
{Heap before GC invocations=219 (full 0):
 PSYoungGen      total 24064K, used 23616K [0x00000000d6e00000, 0x00000000e5d80000, 0x0000000100000000)
  eden space 23552K, 100% used [0x00000000d6e00000,0x00000000d8500000,0x00000000d8500000)
  from space 512K, 12% used [0x00000000e5d00000,0x00000000e5d10000,0x00000000e5d80000)
  to   space 512K, 0% used [0x00000000e5c80000,0x00000000e5c80000,0x00000000e5d00000)
 ParOldGen       total 84992K, used 2764K [0x0000000084a00000, 0x0000000089d00000, 0x00000000d6e00000)
  object space 84992K, 3% used [0x0000000084a00000,0x0000000084cb33d8,0x0000000089d00000)
 Metaspace       used 5372K, capacity 5524K, committed 5888K, reserved 1056768K
  class space    used 614K, capacity 656K, committed 768K, reserved 1048576K
Event: 767.389 GC heap after
Heap after GC invocations=219 (full 0):
 PSYoungGen      total 24064K, used 64K [0x00000000d6e00000, 0x00000000e5d80000, 0x0000000100000000)
  eden space 23552K, 0% used [0x00000000d6e00000,0x00000000d6e00000,0x00000000d8500000)
  from space 512K, 12% used [0x00000000e5c80000,0x00000000e5c90000,0x00000000e5d00000)
  to   space 512K, 0% used [0x00000000e5d00000,0x00000000e5d00000,0x00000000e5d80000)
 ParOldGen       total 84992K, used 2772K [0x0000000084a00000, 0x0000000089d00000, 0x00000000d6e00000)
  object space 84992K, 3% used [0x0000000084a00000,0x0000000084cb53d8,0x0000000089d00000)
 Metaspace       used 5372K, capacity 5524K, committed 5888K, reserved 1056768K
  class space    used 614K, capacity 656K, committed 768K, reserved 1048576K
}
Event: 769.219 GC heap before
{Heap before GC invocations=220 (full 0):
 PSYoungGen      total 24064K, used 23616K [0x00000000d6e00000, 0x00000000e5d80000, 0x0000000100000000)
  eden space 23552K, 100% used [0x00000000d6e00000,0x00000000d8500000,0x00000000d8500000)
  from space 512K, 12% used [0x00000000e5c80000,0x00000000e5c90000,0x00000000e5d00000)
  to   space 512K, 0% used [0x00000000e5d00000,0x00000000e5d00000,0x00000000e5d80000)
 ParOldGen       total 84992K, used 2772K [0x0000000084a00000, 0x0000000089d00000, 0x00000000d6e00000)
  object space 84992K, 3% used [0x0000000084a00000,0x0000000084cb53d8,0x0000000089d00000)
 Metaspace       used 5372K, capacity 5524K, committed 5888K, reserved 1056768K
  class space    used 614K, capacity 656K, committed 768K, reserved 1048576K
Event: 769.220 GC heap after
Heap after GC invocations=220 (full 0):
 PSYoungGen      total 24064K, used 96K [0x00000000d6e00000, 0x00000000e5d80000, 0x0000000100000000)
  eden space 23552K, 0% used [0x00000000d6e00000,0x00000000d6e00000,0x00000000d8500000)
  from space 512K, 18% used [0x00000000e5d00000,0x00000000e5d18000,0x00000000e5d80000)
  to   space 512K, 0% used [0x00000000e5c80000,0x00000000e5c80000,0x00000000e5d00000)
 ParOldGen       total 84992K, used 2780K [0x0000000084a00000, 0x0000000089d00000, 0x00000000d6e00000)
  object space 84992K, 3% used [0x0000000084a00000,0x0000000084cb73d8,0x0000000089d00000)
 Metaspace       used 5372K, capacity 5524K, committed 5888K, reserved 1056768K
  class space    used 614K, capacity 656K, committed 768K, reserved 1048576K
}
Event: 772.253 GC heap before
{Heap before GC invocations=221 (full 0):
 PSYoungGen      total 24064K, used 23648K [0x00000000d6e00000, 0x00000000e5d80000, 0x0000000100000000)
  eden space 23552K, 100% used [0x00000000d6e00000,0x00000000d8500000,0x00000000d8500000)
  from space 512K, 18% used [0x00000000e5d00000,0x00000000e5d18000,0x00000000e5d80000)
  to   space 512K, 0% used [0x00000000e5c80000,0x00000000e5c80000,0x00000000e5d00000)
 ParOldGen       total 84992K, used 2780K [0x0000000084a00000, 0x0000000089d00000, 0x00000000d6e00000)
  object space 84992K, 3% used [0x0000000084a00000,0x0000000084cb73d8,0x0000000089d00000)
 Metaspace       used 5372K, capacity 5524K, committed 5888K, reserved 1056768K
  class space    used 614K, capacity 656K, committed 768K, reserved 1048576K
Event: 772.255 GC heap after
Heap after GC invocations=221 (full 0):
 PSYoungGen      total 24064K, used 64K [0x00000000d6e00000, 0x00000000e5d80000, 0x0000000100000000)
  eden space 23552K, 0% used [0x00000000d6e00000,0x00000000d6e00000,0x00000000d8500000)
  from space 512K, 12% used [0x00000000e5c80000,0x00000000e5c90000,0x00000000e5d00000)
  to   space 512K, 0% used [0x00000000e5d00000,0x00000000e5d00000,0x00000000e5d80000)
 ParOldGen       total 84992K, used 2788K [0x0000000084a00000, 0x0000000089d00000, 0x00000000d6e00000)
  object space 84992K, 3% used [0x0000000084a00000,0x0000000084cb93d8,0x0000000089d00000)
 Metaspace       used 5372K, capacity 5524K, committed 5888K, reserved 1056768K
  class space    used 614K, capacity 656K, committed 768K, reserved 1048576K
}

Deoptimization events (3 events):
Event: 0.385 Thread 0x00007f0cc800b000 Uncommon trap: reason=unstable_if action=reinterpret pc=0x00007f0cb912bbc4 method=java.lang.String.indexOf(II)I @ 49
Event: 0.717 Thread 0x00007f0cc800b000 Uncommon trap: reason=unstable_if action=reinterpret pc=0x00007f0cb913f28c method=java.lang.String.indexOf([CII[CIII)I @ 3
Event: 0.729 Thread 0x00007f0cc800b000 Uncommon trap: reason=unstable_if action=reinterpret pc=0x00007f0cb913a110 method=java.lang.String.indexOf([CII[CIII)I @ 123

Internal exceptions (6 events):
Event: 0.083 Thread 0x00007f0cc800b000 Exception <a 'java/lang/NoSuchMethodError': Method sun.misc.Unsafe.defineClass(Ljava/lang/String;[BII)Ljava/lang/Class; name or signature does not match> (0x00000000d6e12b98) thrown at [/HUDSON/workspace/8-2-build-linux-amd64/jdk8u66/4988/hotspot/src/shar
Event: 0.083 Thread 0x00007f0cc800b000 Exception <a 'java/lang/NoSuchMethodError': Method sun.misc.Unsafe.prefetchRead(Ljava/lang/Object;J)V name or signature does not match> (0x00000000d6e12e80) thrown at [/HUDSON/workspace/8-2-build-linux-amd64/jdk8u66/4988/hotspot/src/share/vm/prims/jni.cpp
Event: 0.439 Thread 0x00007f0cc800b000 Exception <a 'java/security/PrivilegedActionException'> (0x00000000d71f0400) thrown at [/HUDSON/workspace/8-2-build-linux-amd64/jdk8u66/4988/hotspot/src/share/vm/prims/jvm.cpp, line 1386]
Event: 0.439 Thread 0x00007f0cc800b000 Exception <a 'java/security/PrivilegedActionException'> (0x00000000d71f07f8) thrown at [/HUDSON/workspace/8-2-build-linux-amd64/jdk8u66/4988/hotspot/src/share/vm/prims/jvm.cpp, line 1386]
Event: 0.440 Thread 0x00007f0cc800b000 Exception <a 'java/security/PrivilegedActionException'> (0x00000000d71f3008) thrown at [/HUDSON/workspace/8-2-build-linux-amd64/jdk8u66/4988/hotspot/src/share/vm/prims/jvm.cpp, line 1386]
Event: 0.440 Thread 0x00007f0cc800b000 Exception <a 'java/security/PrivilegedActionException'> (0x00000000d71f3400) thrown at [/HUDSON/workspace/8-2-build-linux-amd64/jdk8u66/4988/hotspot/src/share/vm/prims/jvm.cpp, line 1386]

Events (10 events):
Event: 763.777 Executing VM operation: ParallelGCFailedAllocation
Event: 763.785 Executing VM operation: ParallelGCFailedAllocation done
Event: 765.553 Executing VM operation: ParallelGCFailedAllocation
Event: 765.555 Executing VM operation: ParallelGCFailedAllocation done
Event: 767.387 Executing VM operation: ParallelGCFailedAllocation
Event: 767.389 Executing VM operation: ParallelGCFailedAllocation done
Event: 769.219 Executing VM operation: ParallelGCFailedAllocation
Event: 769.220 Executing VM operation: ParallelGCFailedAllocation done
Event: 772.253 Executing VM operation: ParallelGCFailedAllocation
Event: 772.255 Executing VM operation: ParallelGCFailedAllocation done


Dynamic libraries:
00400000-00401000 r-xp 00000000 08:01 8533428                            /usr/lib/jvm/java-8-oracle/bin/java
00600000-00601000 rw-p 00000000 08:01 8533428                            /usr/lib/jvm/java-8-oracle/bin/java
0235e000-0237f000 rw-p 00000000 00:00 0                                  [heap]
84a00000-89d00000 rw-p 00000000 00:00 0 
89d00000-d6e00000 ---p 00000000 00:00 0 
d6e00000-e5d80000 rw-p 00000000 00:00 0 
e5d80000-100000000 ---p 00000000 00:00 0 
100000000-1000c0000 rw-p 00000000 00:00 0 
1000c0000-140000000 ---p 00000000 00:00 0 
7f0c70000000-7f0c72152000 rw-p 00000000 00:00 0 
7f0c72152000-7f0c74000000 ---p 00000000 00:00 0 
7f0c78000000-7f0c78021000 rw-p 00000000 00:00 0 
7f0c78021000-7f0c7c000000 ---p 00000000 00:00 0 
7f0c7c000000-7f0c7c021000 rw-p 00000000 00:00 0 
7f0c7c021000-7f0c80000000 ---p 00000000 00:00 0 
7f0c80000000-7f0c80162000 rw-p 00000000 00:00 0 
7f0c80162000-7f0c84000000 ---p 00000000 00:00 0 
7f0c84000000-7f0c84021000 rw-p 00000000 00:00 0 
7f0c84021000-7f0c88000000 ---p 00000000 00:00 0 
7f0c88000000-7f0c880a6000 rw-p 00000000 00:00 0 
7f0c880a6000-7f0c8c000000 ---p 00000000 00:00 0 
7f0c8c000000-7f0c8c144000 rw-p 00000000 00:00 0 
7f0c8c144000-7f0c90000000 ---p 00000000 00:00 0 
7f0c90000000-7f0c90021000 rw-p 00000000 00:00 0 
7f0c90021000-7f0c94000000 ---p 00000000 00:00 0 
7f0c94000000-7f0c94021000 rw-p 00000000 00:00 0 
7f0c94021000-7f0c98000000 ---p 00000000 00:00 0 
7f0c98000000-7f0c98021000 rw-p 00000000 00:00 0 
7f0c98021000-7f0c9c000000 ---p 00000000 00:00 0 
7f0c9c000000-7f0c9c021000 rw-p 00000000 00:00 0 
7f0c9c021000-7f0ca0000000 ---p 00000000 00:00 0 
7f0ca0000000-7f0ca0021000 rw-p 00000000 00:00 0 
7f0ca0021000-7f0ca4000000 ---p 00000000 00:00 0 
7f0ca4000000-7f0ca4021000 rw-p 00000000 00:00 0 
7f0ca4021000-7f0ca8000000 ---p 00000000 00:00 0 
7f0ca8000000-7f0ca8021000 rw-p 00000000 00:00 0 
7f0ca8021000-7f0cac000000 ---p 00000000 00:00 0 
7f0cad04f000-7f0cad206000 rw-p 00000000 00:00 0 
7f0cad206000-7f0cad207000 ---p 00000000 00:00 0 
7f0cad207000-7f0cada07000 rw-p 00000000 00:00 0                          [stack:8973]
7f0cada07000-7f0cada1d000 r-xp 00000000 08:01 7864338                    /lib/x86_64-linux-gnu/libgcc_s.so.1
7f0cada1d000-7f0cadc1c000 ---p 00016000 08:01 7864338                    /lib/x86_64-linux-gnu/libgcc_s.so.1
7f0cadc1c000-7f0cadc1d000 rw-p 00015000 08:01 7864338                    /lib/x86_64-linux-gnu/libgcc_s.so.1
7f0cadc1d000-7f0cadd03000 r-xp 00000000 08:01 7344359                    /usr/lib/x86_64-linux-gnu/libstdc++.so.6.0.19
7f0cadd03000-7f0cadf02000 ---p 000e6000 08:01 7344359                    /usr/lib/x86_64-linux-gnu/libstdc++.so.6.0.19
7f0cadf02000-7f0cadf0a000 r--p 000e5000 08:01 7344359                    /usr/lib/x86_64-linux-gnu/libstdc++.so.6.0.19
7f0cadf0a000-7f0cadf0c000 rw-p 000ed000 08:01 7344359                    /usr/lib/x86_64-linux-gnu/libstdc++.so.6.0.19
7f0cadf0c000-7f0cadf21000 rw-p 00000000 00:00 0 
7f0cadf41000-7f0cadf45000 rw-p 00000000 00:00 0 
7f0cadf45000-7f0cae28d000 r-xp 00000000 08:01 5767320                    /tmp/librocksdbjni4503696337650026302..so
7f0cae28d000-7f0cae48c000 ---p 00348000 08:01 5767320                    /tmp/librocksdbjni4503696337650026302..so
7f0cae48c000-7f0cae49f000 rw-p 00347000 08:01 5767320                    /tmp/librocksdbjni4503696337650026302..so
7f0cae49f000-7f0cae4a4000 rw-p 00000000 00:00 0 
7f0cae4a4000-7f0cae4b5000 r-xp 00000000 08:01 8664339                    /usr/lib/jvm/java-8-oracle/jre/lib/amd64/libnio.so
7f0cae4b5000-7f0cae6b4000 ---p 00011000 08:01 8664339                    /usr/lib/jvm/java-8-oracle/jre/lib/amd64/libnio.so
7f0cae6b4000-7f0cae6b5000 rw-p 00010000 08:01 8664339                    /usr/lib/jvm/java-8-oracle/jre/lib/amd64/libnio.so
7f0cae6b5000-7f0cae6ba000 r--s 00096000 08:01 8664452                    /usr/lib/jvm/java-8-oracle/jre/lib/jsse.jar
7f0cae6ba000-7f0cae6bd000 ---p 00000000 00:00 0 
7f0cae6bd000-7f0cae7ec000 rw-p 00000000 00:00 0                          [stack:8972]
7f0cae7ec000-7f0cae802000 r-xp 00000000 08:01 8664297                    /usr/lib/jvm/java-8-oracle/jre/lib/amd64/libnet.so
7f0cae802000-7f0caea02000 ---p 00016000 08:01 8664297                    /usr/lib/jvm/java-8-oracle/jre/lib/amd64/libnet.so
7f0caea02000-7f0caea03000 rw-p 00016000 08:01 8664297                    /usr/lib/jvm/java-8-oracle/jre/lib/amd64/libnet.so
7f0caea03000-7f0caea06000 r--s 00404000 08:01 7740766                    /home/nm/.m2/repository/org/rocksdb/rocksdbjni/3.13.1/rocksdbjni-3.13.1.jar
7f0caea06000-7f0caea31000 r--s 001fc000 08:01 7362587                    /home/nm/.m2/repository/com/google/guava/guava/18.0/guava-18.0.jar
7f0caea31000-7f0caea47000 r--s 001e6000 08:01 7865056                    /home/nm/.m2/repository/org/jgroups/jgroups/3.3.4.Final/jgroups-3.3.4.Final.jar
7f0caea47000-7f0caea51000 r--s 00081000 08:01 6819182                    /home/nm/.m2/repository/org/hornetq/hornetq-core-client/2.4.6.Final/hornetq-core-client-2.4.6.Final.jar
7f0caea51000-7f0caea55000 r--s 0002a000 08:01 7865062                    /home/nm/.m2/repository/org/hornetq/hornetq-journal/2.4.6.Final/hornetq-journal-2.4.6.Final.jar
7f0caea55000-7f0caea59000 r--s 00019000 08:01 7865059                    /home/nm/.m2/repository/org/hornetq/hornetq-commons/2.4.6.Final/hornetq-commons-2.4.6.Final.jar
7f0caea59000-7f0caea68000 r--s 000ea000 08:01 7865078                    /home/nm/.m2/repository/org/hornetq/hornetq-server/2.4.6.Final/hornetq-server-2.4.6.Final.jar
7f0caea68000-7f0caea6f000 r--s 00053000 08:01 6424100                    /home/nm/.m2/repository/log4j/log4j/1.2.14/log4j-1.2.14.jar
7f0caea6f000-7f0caeb0c000 r--s 00d11000 08:01 6553852                    /home/nm/.m2/repository/org/python/jython-standalone/2.5.3/jython-standalone-2.5.3.jar
7f0caeb0c000-7f0caeb25000 r--s 0014f000 08:01 7865069                    /home/nm/.m2/repository/io/netty/netty-all/4.0.13.Final/netty-all-4.0.13.Final.jar
7f0caeb25000-7f0caeb26000 ---p 00000000 00:00 0 
7f0caeb26000-7f0caec26000 rw-p 00000000 00:00 0                          [stack:8971]
7f0caec26000-7f0caec29000 ---p 00000000 00:00 0 
7f0caec29000-7f0caed27000 rw-p 00000000 00:00 0                          [stack:8970]
7f0caed27000-7f0caed2a000 ---p 00000000 00:00 0 
7f0caed2a000-7f0caee28000 rw-p 00000000 00:00 0                          [stack:8969]
7f0caee28000-7f0caee2b000 ---p 00000000 00:00 0 
7f0caee2b000-7f0caef29000 rw-p 00000000 00:00 0                          [stack:8968]
7f0caef29000-7f0caef2c000 ---p 00000000 00:00 0 
7f0caef2c000-7f0caf02a000 rw-p 00000000 00:00 0                          [stack:8967]
7f0caf02a000-7f0caf02d000 ---p 00000000 00:00 0 
7f0caf02d000-7f0caf12b000 rw-p 00000000 00:00 0                          [stack:8966]
7f0caf12b000-7f0caf3f4000 r--p 00000000 08:01 7340172                    /usr/lib/locale/locale-archive
7f0caf3f4000-7f0caf3f7000 ---p 00000000 00:00 0 
7f0caf3f7000-7f0caf4f5000 rw-p 00000000 00:00 0                          [stack:8965]
7f0caf4f5000-7f0caf4f8000 ---p 00000000 00:00 0 
7f0caf4f8000-7f0caf5f6000 rw-p 00000000 00:00 0                          [stack:8964]
7f0caf5f6000-7f0caf5f7000 ---p 00000000 00:00 0 
7f0caf5f7000-7f0cb0000000 rw-p 00000000 00:00 0                          [stack:8963]
7f0cb0000000-7f0cb0021000 rw-p 00000000 00:00 0 
7f0cb0021000-7f0cb4000000 ---p 00000000 00:00 0 
7f0cb4000000-7f0cb400c000 r--s 000aa000 08:01 6424097                    /home/nm/.m2/repository/net/sourceforge/jexcelapi/jxl/2.6.10/jxl-2.6.10.jar
7f0cb400c000-7f0cb4b75000 rw-p 00000000 00:00 0 
7f0cb4b75000-7f0cb4e75000 ---p 00000000 00:00 0 
7f0cb4e75000-7f0cb9000000 rw-p 00000000 00:00 0 
7f0cb9000000-7f0cb9270000 rwxp 00000000 00:00 0 
7f0cb9270000-7f0cc8000000 ---p 00000000 00:00 0 
7f0cc8000000-7f0cca9a9000 rw-p 00000000 00:00 0 
7f0cca9a9000-7f0ccc000000 ---p 00000000 00:00 0 
7f0ccc000000-7f0ccc001000 r--s 00006000 08:01 6553846                    /home/nm/.m2/repository/tokyocabinet/tokyocabinet/1.18/tokyocabinet-1.18.jar
7f0ccc001000-7f0ccc002000 r--s 00009000 08:01 7865065                    /home/nm/.m2/repository/org/hornetq/hornetq-native/2.4.6.Final/hornetq-native-2.4.6.Final.jar
7f0ccc002000-7f0ccc004000 r--s 0000d000 08:01 11934257                   /home/nm/.m2/repository/org/jboss/logging/jboss-logging/3.1.0.GA/jboss-logging-3.1.0.GA.jar
7f0ccc004000-7f0ccc00f000 r--s 00067000 08:01 6553839                    /home/nm/.m2/repository/janino/janino/2.5.15/janino-2.5.15.jar
7f0ccc00f000-7f0ccc07f000 rw-p 00000000 00:00 0 
7f0ccc07f000-7f0ccc258000 r--s 03d20000 08:01 8664350                    /usr/lib/jvm/java-8-oracle/jre/lib/rt.jar
7f0ccc258000-7f0ccc2ce000 rw-p 00000000 00:00 0 
7f0ccc2ce000-7f0ccc2cf000 ---p 00000000 00:00 0 
7f0ccc2cf000-7f0ccc3cf000 rw-p 00000000 00:00 0                          [stack:8962]
7f0ccc3cf000-7f0ccc3d0000 ---p 00000000 00:00 0 
7f0ccc3d0000-7f0ccc4d0000 rw-p 00000000 00:00 0                          [stack:8961]
7f0ccc4d0000-7f0ccc4d1000 ---p 00000000 00:00 0 
7f0ccc4d1000-7f0ccc5d1000 rw-p 00000000 00:00 0                          [stack:8960]
7f0ccc5d1000-7f0ccc5d2000 ---p 00000000 00:00 0 
7f0ccc5d2000-7f0ccc6fc000 rw-p 00000000 00:00 0                          [stack:8959]
7f0ccc6fc000-7f0ccc964000 ---p 00000000 00:00 0 
7f0ccc964000-7f0ccc98e000 rw-p 00000000 00:00 0 
7f0ccc98e000-7f0cccbf6000 ---p 00000000 00:00 0 
7f0cccbf6000-7f0cccc6e000 rw-p 00000000 00:00 0 
7f0cccc6e000-7f0cccd3f000 ---p 00000000 00:00 0 
7f0cccd3f000-7f0cccd4a000 rw-p 00000000 00:00 0 
7f0cccd4a000-7f0ccd100000 ---p 00000000 00:00 0 
7f0ccd100000-7f0ccd11a000 r-xp 00000000 08:01 8664289                    /usr/lib/jvm/java-8-oracle/jre/lib/amd64/libzip.so
7f0ccd11a000-7f0ccd31a000 ---p 0001a000 08:01 8664289                    /usr/lib/jvm/java-8-oracle/jre/lib/amd64/libzip.so
7f0ccd31a000-7f0ccd31b000 rw-p 0001a000 08:01 8664289                    /usr/lib/jvm/java-8-oracle/jre/lib/amd64/libzip.so
7f0ccd31b000-7f0ccd326000 r-xp 00000000 08:01 7868033                    /lib/x86_64-linux-gnu/libnss_files-2.19.so
7f0ccd326000-7f0ccd525000 ---p 0000b000 08:01 7868033                    /lib/x86_64-linux-gnu/libnss_files-2.19.so
7f0ccd525000-7f0ccd526000 r--p 0000a000 08:01 7868033                    /lib/x86_64-linux-gnu/libnss_files-2.19.so
7f0ccd526000-7f0ccd527000 rw-p 0000b000 08:01 7868033                    /lib/x86_64-linux-gnu/libnss_files-2.19.so
7f0ccd527000-7f0ccd532000 r-xp 00000000 08:01 7868071                    /lib/x86_64-linux-gnu/libnss_nis-2.19.so
7f0ccd532000-7f0ccd731000 ---p 0000b000 08:01 7868071                    /lib/x86_64-linux-gnu/libnss_nis-2.19.so
7f0ccd731000-7f0ccd732000 r--p 0000a000 08:01 7868071                    /lib/x86_64-linux-gnu/libnss_nis-2.19.so
7f0ccd732000-7f0ccd733000 rw-p 0000b000 08:01 7868071                    /lib/x86_64-linux-gnu/libnss_nis-2.19.so
7f0ccd733000-7f0ccd74a000 r-xp 00000000 08:01 7868051                    /lib/x86_64-linux-gnu/libnsl-2.19.so
7f0ccd74a000-7f0ccd949000 ---p 00017000 08:01 7868051                    /lib/x86_64-linux-gnu/libnsl-2.19.so
7f0ccd949000-7f0ccd94a000 r--p 00016000 08:01 7868051                    /lib/x86_64-linux-gnu/libnsl-2.19.so
7f0ccd94a000-7f0ccd94b000 rw-p 00017000 08:01 7868051                    /lib/x86_64-linux-gnu/libnsl-2.19.so
7f0ccd94b000-7f0ccd94d000 rw-p 00000000 00:00 0 
7f0ccd94d000-7f0ccd956000 r-xp 00000000 08:01 7868049                    /lib/x86_64-linux-gnu/libnss_compat-2.19.so
7f0ccd956000-7f0ccdb55000 ---p 00009000 08:01 7868049                    /lib/x86_64-linux-gnu/libnss_compat-2.19.so
7f0ccdb55000-7f0ccdb56000 r--p 00008000 08:01 7868049                    /lib/x86_64-linux-gnu/libnss_compat-2.19.so
7f0ccdb56000-7f0ccdb57000 rw-p 00009000 08:01 7868049                    /lib/x86_64-linux-gnu/libnss_compat-2.19.so
7f0ccdb57000-7f0ccdb81000 r-xp 00000000 08:01 8664344                    /usr/lib/jvm/java-8-oracle/jre/lib/amd64/libjava.so
7f0ccdb81000-7f0ccdd81000 ---p 0002a000 08:01 8664344                    /usr/lib/jvm/java-8-oracle/jre/lib/amd64/libjava.so
7f0ccdd81000-7f0ccdd83000 rw-p 0002a000 08:01 8664344                    /usr/lib/jvm/java-8-oracle/jre/lib/amd64/libjava.so
7f0ccdd83000-7f0ccdd90000 r-xp 00000000 08:01 8664336                    /usr/lib/jvm/java-8-oracle/jre/lib/amd64/libverify.so
7f0ccdd90000-7f0ccdf90000 ---p 0000d000 08:01 8664336                    /usr/lib/jvm/java-8-oracle/jre/lib/amd64/libverify.so
7f0ccdf90000-7f0ccdf92000 rw-p 0000d000 08:01 8664336                    /usr/lib/jvm/java-8-oracle/jre/lib/amd64/libverify.so
7f0ccdf92000-7f0ccdf99000 r-xp 00000000 08:01 7868067                    /lib/x86_64-linux-gnu/librt-2.19.so
7f0ccdf99000-7f0cce198000 ---p 00007000 08:01 7868067                    /lib/x86_64-linux-gnu/librt-2.19.so
7f0cce198000-7f0cce199000 r--p 00006000 08:01 7868067                    /lib/x86_64-linux-gnu/librt-2.19.so
7f0cce199000-7f0cce19a000 rw-p 00007000 08:01 7868067                    /lib/x86_64-linux-gnu/librt-2.19.so
7f0cce19a000-7f0cce29f000 r-xp 00000000 08:01 7868031                    /lib/x86_64-linux-gnu/libm-2.19.so
7f0cce29f000-7f0cce49e000 ---p 00105000 08:01 7868031                    /lib/x86_64-linux-gnu/libm-2.19.so
7f0cce49e000-7f0cce49f000 r--p 00104000 08:01 7868031                    /lib/x86_64-linux-gnu/libm-2.19.so
7f0cce49f000-7f0cce4a0000 rw-p 00105000 08:01 7868031                    /lib/x86_64-linux-gnu/libm-2.19.so
7f0cce4a0000-7f0ccf15e000 r-xp 00000000 08:01 8664314                    /usr/lib/jvm/java-8-oracle/jre/lib/amd64/server/libjvm.so
7f0ccf15e000-7f0ccf35d000 ---p 00cbe000 08:01 8664314                    /usr/lib/jvm/java-8-oracle/jre/lib/amd64/server/libjvm.so
7f0ccf35d000-7f0ccf436000 rw-p 00cbd000 08:01 8664314                    /usr/lib/jvm/java-8-oracle/jre/lib/amd64/server/libjvm.so
7f0ccf436000-7f0ccf47a000 rw-p 00000000 00:00 0 
7f0ccf47a000-7f0ccf635000 r-xp 00000000 08:01 7868061                    /lib/x86_64-linux-gnu/libc-2.19.so
7f0ccf635000-7f0ccf834000 ---p 001bb000 08:01 7868061                    /lib/x86_64-linux-gnu/libc-2.19.so
7f0ccf834000-7f0ccf838000 r--p 001ba000 08:01 7868061                    /lib/x86_64-linux-gnu/libc-2.19.so
7f0ccf838000-7f0ccf83a000 rw-p 001be000 08:01 7868061                    /lib/x86_64-linux-gnu/libc-2.19.so
7f0ccf83a000-7f0ccf83f000 rw-p 00000000 00:00 0 
7f0ccf83f000-7f0ccf842000 r-xp 00000000 08:01 7868039                    /lib/x86_64-linux-gnu/libdl-2.19.so
7f0ccf842000-7f0ccfa41000 ---p 00003000 08:01 7868039                    /lib/x86_64-linux-gnu/libdl-2.19.so
7f0ccfa41000-7f0ccfa42000 r--p 00002000 08:01 7868039                    /lib/x86_64-linux-gnu/libdl-2.19.so
7f0ccfa42000-7f0ccfa43000 rw-p 00003000 08:01 7868039                    /lib/x86_64-linux-gnu/libdl-2.19.so
7f0ccfa43000-7f0ccfa58000 r-xp 00000000 08:01 8519859                    /usr/lib/jvm/java-8-oracle/lib/amd64/jli/libjli.so
7f0ccfa58000-7f0ccfc58000 ---p 00015000 08:01 8519859                    /usr/lib/jvm/java-8-oracle/lib/amd64/jli/libjli.so
7f0ccfc58000-7f0ccfc59000 rw-p 00015000 08:01 8519859                    /usr/lib/jvm/java-8-oracle/lib/amd64/jli/libjli.so
7f0ccfc59000-7f0ccfc72000 r-xp 00000000 08:01 7868063                    /lib/x86_64-linux-gnu/libpthread-2.19.so
7f0ccfc72000-7f0ccfe71000 ---p 00019000 08:01 7868063                    /lib/x86_64-linux-gnu/libpthread-2.19.so
7f0ccfe71000-7f0ccfe72000 r--p 00018000 08:01 7868063                    /lib/x86_64-linux-gnu/libpthread-2.19.so
7f0ccfe72000-7f0ccfe73000 rw-p 00019000 08:01 7868063                    /lib/x86_64-linux-gnu/libpthread-2.19.so
7f0ccfe73000-7f0ccfe77000 rw-p 00000000 00:00 0 
7f0ccfe77000-7f0ccfe9a000 r-xp 00000000 08:01 7868055                    /lib/x86_64-linux-gnu/ld-2.19.so
7f0ccfe9a000-7f0ccfe9c000 r--s 00007000 08:01 6553851                    /home/nm/.m2/repository/net/sourceforge/jdatepicker/jdatepicker/1.3.2/jdatepicker-1.3.2.jar
7f0ccfe9c000-7f0ccfea2000 r--s 0003b000 08:01 6423888                    /home/nm/.m2/repository/org/yaml/snakeyaml/1.9/snakeyaml-1.9.jar
7f0ccfea2000-7f0ccfea3000 r--s 00001000 08:01 6423009                    /home/nm/.m2/repository/org/slf4j/slf4j-jdk14/1.7.1/slf4j-jdk14-1.7.1.jar
7f0ccfea3000-7f0ccff6e000 rw-p 00000000 00:00 0 
7f0ccff6e000-7f0ccff71000 ---p 00000000 00:00 0 
7f0ccff71000-7f0cd0073000 rw-p 00000000 00:00 0                          [stack:8958]
7f0cd0073000-7f0cd0075000 r--s 00005000 08:01 6423006                    /home/nm/.m2/repository/org/slf4j/slf4j-api/1.7.1/slf4j-api-1.7.1.jar
7f0cd0075000-7f0cd007b000 r--s 00034000 08:01 6423011                    /home/nm/.m2/repository/junit/junit/4.8.2/junit-4.8.2.jar
7f0cd007b000-7f0cd007f000 r--s 00034000 08:01 9964174                    /home/nm/.m2/repository/com/fasterxml/jackson/core/jackson-core/2.4.4/jackson-core-2.4.4.jar
7f0cd007f000-7f0cd0081000 r--s 00006000 08:01 7865201                    /home/nm/.m2/repository/io/protostuff/protostuff-json/1.3.3/protostuff-json-1.3.3.jar
7f0cd0081000-7f0cd0083000 r--s 0000c000 08:01 7865200                    /home/nm/.m2/repository/io/protostuff/protostuff-api/1.3.3/protostuff-api-1.3.3.jar
7f0cd0083000-7f0cd0085000 r--s 00002000 08:01 6425129                    /home/nm/.m2/repository/net/sourceforge/javacsv/javacsv/2.0/javacsv-2.0.jar
7f0cd0085000-7f0cd008d000 r--s 0007b000 08:01 6949369                    /home/nm/.m2/repository/com/google/protobuf/protobuf-java/2.5.0/protobuf-java-2.5.0.jar
7f0cd008d000-7f0cd0095000 rw-s 00000000 08:01 5767317                    /tmp/hsperfdata_nm/8952
7f0cd0095000-7f0cd0096000 rw-p 00000000 00:00 0 
7f0cd0096000-7f0cd0097000 r--p 00000000 00:00 0 
7f0cd0097000-7f0cd0099000 rw-p 00000000 00:00 0 
7f0cd0099000-7f0cd009a000 r--p 00022000 08:01 7868055                    /lib/x86_64-linux-gnu/ld-2.19.so
7f0cd009a000-7f0cd009b000 rw-p 00023000 08:01 7868055                    /lib/x86_64-linux-gnu/ld-2.19.so
7f0cd009b000-7f0cd009c000 rw-p 00000000 00:00 0 
7ffe3d541000-7ffe3d563000 rw-p 00000000 00:00 0                          [stack]
7ffe3d5ce000-7ffe3d5d0000 r-xp 00000000 00:00 0                          [vdso]
ffffffffff600000-ffffffffff601000 r-xp 00000000 00:00 0                  [vsyscall]

VM Arguments:
jvm_args: -Djava.library.path=/usr/local/lib -Dfile.encoding=UTF-8 
java_command: org.eclipse.jdt.internal.junit.runner.RemoteTestRunner -version 3 -port 42081 -testLoaderClass org.eclipse.jdt.internal.junit4.runner.JUnit4TestLoader -loaderpluginname org.eclipse.jdt.junit4.runtime -test org.yamcs.parameterarchive.TestStructure:testAllParamsInOneCf
java_class_path (initial): /home/nm/git/yamcs/yamcs-core/target/test-classes:/home/nm/git/yamcs/yamcs-core/target/classes:/home/nm/git/yamcs/yamcs-api/target/classes:/home/nm/.m2/repository/com/google/protobuf/protobuf-java/2.5.0/protobuf-java-2.5.0.jar:/home/nm/.m2/repository/io/netty/netty-all/4.0.13.Final/netty-all-4.0.13.Final.jar:/home/nm/.m2/repository/net/sourceforge/javacsv/javacsv/2.0/javacsv-2.0.jar:/home/nm/.m2/repository/io/protostuff/protostuff-api/1.3.3/protostuff-api-1.3.3.jar:/home/nm/.m2/repository/io/protostuff/protostuff-json/1.3.3/protostuff-json-1.3.3.jar:/home/nm/.m2/repository/com/fasterxml/jackson/core/jackson-core/2.4.4/jackson-core-2.4.4.jar:/home/nm/git/yamcs/yamcs-xtce/target/classes:/home/nm/.m2/repository/junit/junit/4.8.2/junit-4.8.2.jar:/home/nm/.m2/repository/org/python/jython-standalone/2.5.3/jython-standalone-2.5.3.jar:/home/nm/.m2/repository/org/slf4j/slf4j-api/1.7.1/slf4j-api-1.7.1.jar:/home/nm/.m2/repository/org/slf4j/slf4j-jdk14/1.7.1/slf4j-jdk14-1.7.1.jar:/home/nm/.m2/repository/janino/janino/2.5.15/janino-2.5.15.jar:/home/nm/.m2/repository/org/yaml/snakeyaml/1.9/snakeyaml-1.9.jar:/home/nm/.m2/repository/net/sourceforge/jdatepicker/jdatepicker/1.3.2/jdatepicker-1.3.2.jar:/home/nm/.m2/repository/net/sourceforge/jexcelapi/jxl/2.6.10/jxl-2.6.10.jar:/home/nm/.m2/repository/log4j/log4j/1.2.14/log4j-1.2.14.jar:/home/nm/.m2/repository/org/hornetq/hornetq-server/2.4.6.Final/hornetq-server-2.4.6.Final.jar:/home/nm/.m2/repository/org/jboss/logging/jboss-logging/3.1.0.GA/jboss-logging-3.1.0.GA.jar:/home/nm/.m2/repository/org/hornetq/hornetq-commons/2.4.6.Final/hornetq-commons-2.4.6.Final.jar:/home/nm/.m2/repository/org/hornetq/hornetq-journal/2.4.6.Final/hornetq-journal-2.4.6.Final.jar:/home/nm/.m2/repository/org/hornetq/hornetq-native/2.4.6.Final/hornetq-native-2.4.6.Final.jar:/home/nm/.m2/repository/org/hornetq/hornetq-core-client/2.4.6.Final/hornetq-core-client-2.4.6.Final.jar:/home/nm/.m2/repository/org/jgroups/jgroups/3.3.4.Final/
Launcher Type: SUN_STANDARD

Environment Variables:
JAVA_HOME=/usr/lib/jvm/java-8-oracle/
PATH=/home/nm/bin:/opt/eclipse:/usr/local/sbin:/usr/local/bin:/usr/sbin:/usr/bin:/sbin:/bin:/usr/games:/usr/local/games
SHELL=/bin/bash
DISPLAY=:0

Signal Handlers:
SIGSEGV: [libjvm.so+0xaba2a0], sa_mask[0]=11111111011111111101111111111110, sa_flags=SA_RESTART|SA_SIGINFO
SIGBUS: [libjvm.so+0xaba2a0], sa_mask[0]=11111111011111111101111111111110, sa_flags=SA_RESTART|SA_SIGINFO
SIGFPE: [libjvm.so+0x917710], sa_mask[0]=11111111011111111101111111111110, sa_flags=SA_RESTART|SA_SIGINFO
SIGPIPE: [libjvm.so+0x917710], sa_mask[0]=11111111011111111101111111111110, sa_flags=SA_RESTART|SA_SIGINFO
SIGXFSZ: [libjvm.so+0x917710], sa_mask[0]=11111111011111111101111111111110, sa_flags=SA_RESTART|SA_SIGINFO
SIGILL: [libjvm.so+0x917710], sa_mask[0]=11111111011111111101111111111110, sa_flags=SA_RESTART|SA_SIGINFO
SIGUSR1: SIG_DFL, sa_mask[0]=00000000000000000000000000000000, sa_flags=none
SIGUSR2: [libjvm.so+0x918d40], sa_mask[0]=00100000000000000000000000000000, sa_flags=SA_RESTART|SA_SIGINFO
SIGHUP: [libjvm.so+0x91a140], sa_mask[0]=11111111011111111101111111111110, sa_flags=SA_RESTART|SA_SIGINFO
SIGINT: [libjvm.so+0x91a140], sa_mask[0]=11111111011111111101111111111110, sa_flags=SA_RESTART|SA_SIGINFO
SIGTERM: [libjvm.so+0x91a140], sa_mask[0]=11111111011111111101111111111110, sa_flags=SA_RESTART|SA_SIGINFO
SIGQUIT: [libjvm.so+0x91a140], sa_mask[0]=11111111011111111101111111111110, sa_flags=SA_RESTART|SA_SIGINFO


---------------  S Y S T E M  ---------------

OS:DISTRIB_ID=Ubuntu
DISTRIB_RELEASE=14.04
DISTRIB_CODENAME=trusty
DISTRIB_DESCRIPTION="Ubuntu 14.04.3 LTS"

uname:Linux 3.13.0-71-generic #114-Ubuntu SMP Tue Dec 1 02:34:22 UTC 2015 x86_64
libc:glibc 2.19 NPTL 2.19 
rlimit: STACK 8192k, CORE 0k, NPROC 62893, NOFILE 4096, AS infinity
load average:3.72 3.49 2.63

/proc/meminfo:
MemTotal:        8080200 kB
MemFree:          158004 kB
Buffers:            4452 kB
Cached:          4621176 kB
SwapCached:        83832 kB
Active:          4458196 kB
Inactive:        3030364 kB
Active(anon):    2397624 kB
Inactive(anon):   983300 kB
Active(file):    2060572 kB
Inactive(file):  2047064 kB
Unevictable:          64 kB
Mlocked:              64 kB
SwapTotal:       7812092 kB
SwapFree:        6776060 kB
Dirty:             32072 kB
Writeback:             0 kB
AnonPages:       2841456 kB
Mapped:           368832 kB
Shmem:            517456 kB
Slab:             253612 kB
SReclaimable:     196900 kB
SUnreclaim:        56712 kB
KernelStack:        6320 kB
PageTables:        55984 kB
NFS_Unstable:          0 kB
Bounce:                0 kB
WritebackTmp:          0 kB
CommitLimit:    11852192 kB
Committed_AS:    9166152 kB
VmallocTotal:   34359738367 kB
VmallocUsed:      382112 kB
VmallocChunk:   34359333976 kB
HardwareCorrupted:     0 kB
AnonHugePages:   1417216 kB
HugePages_Total:       0
HugePages_Free:        0
HugePages_Rsvd:        0
HugePages_Surp:        0
Hugepagesize:       2048 kB
DirectMap4k:      196304 kB
DirectMap2M:     7047168 kB
DirectMap1G:     1048576 kB


CPU:total 4 (2 cores per cpu, 2 threads per core) family 6 model 60 stepping 3, cmov, cx8, fxsr, mmx, sse, sse2, sse3, ssse3, sse4.1, sse4.2, popcnt, avx, avx2, aes, clmul, erms, rtm, lzcnt, ht, tsc, tscinvbit, bmi1, bmi2

/proc/cpuinfo:
processor	: 0
vendor_id	: GenuineIntel
cpu family	: 6
model		: 60
model name	: Intel(R) Core(TM) i7-4610M CPU @ 3.00GHz
stepping	: 3
microcode	: 0x17
cpu MHz		: 1000.000
cache size	: 4096 KB
physical id	: 0
siblings	: 4
core id		: 0
cpu cores	: 2
apicid		: 0
initial apicid	: 0
fpu		: yes
fpu_exception	: yes
cpuid level	: 13
wp		: yes
flags		: fpu vme de pse tsc msr pae mce cx8 apic sep mtrr pge mca cmov pat pse36 clflush dts acpi mmx fxsr sse sse2 ss ht tm pbe syscall nx pdpe1gb rdtscp lm constant_tsc arch_perfmon pebs bts rep_good nopl xtopology nonstop_tsc aperfmperf eagerfpu pni pclmulqdq dtes64 monitor ds_cpl vmx smx est tm2 ssse3 fma cx16 xtpr pdcm pcid sse4_1 sse4_2 x2apic movbe popcnt tsc_deadline_timer aes xsave avx f16c rdrand lahf_lm abm ida arat epb xsaveopt pln pts dtherm tpr_shadow vnmi flexpriority ept vpid fsgsbase tsc_adjust bmi1 hle avx2 smep bmi2 erms invpcid rtm
bogomips	: 5986.24
clflush size	: 64
cache_alignment	: 64
address sizes	: 39 bits physical, 48 bits virtual
power management:

processor	: 1
vendor_id	: GenuineIntel
cpu family	: 6
model		: 60
model name	: Intel(R) Core(TM) i7-4610M CPU @ 3.00GHz
stepping	: 3
microcode	: 0x17
cpu MHz		: 1000.000
cache size	: 4096 KB
physical id	: 0
siblings	: 4
core id		: 1
cpu cores	: 2
apicid		: 2
initial apicid	: 2
fpu		: yes
fpu_exception	: yes
cpuid level	: 13
wp		: yes
flags		: fpu vme de pse tsc msr pae mce cx8 apic sep mtrr pge mca cmov pat pse36 clflush dts acpi mmx fxsr sse sse2 ss ht tm pbe syscall nx pdpe1gb rdtscp lm constant_tsc arch_perfmon pebs bts rep_good nopl xtopology nonstop_tsc aperfmperf eagerfpu pni pclmulqdq dtes64 monitor ds_cpl vmx smx est tm2 ssse3 fma cx16 xtpr pdcm pcid sse4_1 sse4_2 x2apic movbe popcnt tsc_deadline_timer aes xsave avx f16c rdrand lahf_lm abm ida arat epb xsaveopt pln pts dtherm tpr_shadow vnmi flexpriority ept vpid fsgsbase tsc_adjust bmi1 hle avx2 smep bmi2 erms invpcid rtm
bogomips	: 5986.24
clflush size	: 64
cache_alignment	: 64
address sizes	: 39 bits physical, 48 bits virtual
power management:

processor	: 2
vendor_id	: GenuineIntel
cpu family	: 6
model		: 60
model name	: Intel(R) Core(TM) i7-4610M CPU @ 3.00GHz
stepping	: 3
microcode	: 0x17
cpu MHz		: 1000.000
cache size	: 4096 KB
physical id	: 0
siblings	: 4
core id		: 0
cpu cores	: 2
apicid		: 1
initial apicid	: 1
fpu		: yes
fpu_exception	: yes
cpuid level	: 13
wp		: yes
flags		: fpu vme de pse tsc msr pae mce cx8 apic sep mtrr pge mca cmov pat pse36 clflush dts acpi mmx fxsr sse sse2 ss ht tm pbe syscall nx pdpe1gb rdtscp lm constant_tsc arch_perfmon pebs bts rep_good nopl xtopology nonstop_tsc aperfmperf eagerfpu pni pclmulqdq dtes64 monitor ds_cpl vmx smx est tm2 ssse3 fma cx16 xtpr pdcm pcid sse4_1 sse4_2 x2apic movbe popcnt tsc_deadline_timer aes xsave avx f16c rdrand lahf_lm abm ida arat epb xsaveopt pln pts dtherm tpr_shadow vnmi flexpriority ept vpid fsgsbase tsc_adjust bmi1 hle avx2 smep bmi2 erms invpcid rtm
bogomips	: 5986.24
clflush size	: 64
cache_alignment	: 64
address sizes	: 39 bits physical, 48 bits virtual
power management:

processor	: 3
vendor_id	: GenuineIntel
cpu family	: 6
model		: 60
model name	: Intel(R) Core(TM) i7-4610M CPU @ 3.00GHz
stepping	: 3
microcode	: 0x17
cpu MHz		: 1000.000
cache size	: 4096 KB
physical id	: 0
siblings	: 4
core id		: 1
cpu cores	: 2
apicid		: 3
initial apicid	: 3
fpu		: yes
fpu_exception	: yes
cpuid level	: 13
wp		: yes
flags		: fpu vme de pse tsc msr pae mce cx8 apic sep mtrr pge mca cmov pat pse36 clflush dts acpi mmx fxsr sse sse2 ss ht tm pbe syscall nx pdpe1gb rdtscp lm constant_tsc arch_perfmon pebs bts rep_good nopl xtopology nonstop_tsc aperfmperf eagerfpu pni pclmulqdq dtes64 monitor ds_cpl vmx smx est tm2 ssse3 fma cx16 xtpr pdcm pcid sse4_1 sse4_2 x2apic movbe popcnt tsc_deadline_timer aes xsave avx f16c rdrand lahf_lm abm ida arat epb xsaveopt pln pts dtherm tpr_shadow vnmi flexpriority ept vpid fsgsbase tsc_adjust bmi1 hle avx2 smep bmi2 erms invpcid rtm
bogomips	: 5986.24
clflush size	: 64
cache_alignment	: 64
address sizes	: 39 bits physical, 48 bits virtual
power management:



Memory: 4k page, physical 8080200k(157856k free), swap 7812092k(6776060k free)

vm_info: Java HotSpot(TM) 64-Bit Server VM (25.66-b17) for linux-amd64 JRE (1.8.0_66-b17), built on Oct  6 2015 17:28:34 by "java_re" with gcc 4.3.0 20080428 (Red Hat 4.3.0-8)

time: Fri Dec  4 14:08:47 2015
elapsed time: 774 seconds (0d 0h 12m 54s)

