#
# A fatal error has been detected by the Java Runtime Environment:
#
#  SIGSEGV (0xb) at pc=0x00007ff434a4646b, pid=10055, tid=140687269713664
#
# JRE version: Java(TM) SE Runtime Environment (8.0_66-b17) (build 1.8.0_66-b17)
# Java VM: Java HotSpot(TM) 64-Bit Server VM (25.66-b17 mixed mode linux-amd64 compressed oops)
# Problematic frame:
# C  [librocksdbjni3324933989859256743..so+0x1fa46b]  rocksdb::MergingIterator::value() const+0xb
#
# Failed to write core dump. Core dumps have been disabled. To enable core dumping, try "ulimit -c unlimited" before starting Java again
#
# If you would like to submit a bug report, please visit:
#   http://bugreport.java.com/bugreport/crash.jsp
# The crash happened outside the Java Virtual Machine in native code.
# See problematic frame for where to report the bug.
#

---------------  T H R E A D  ---------------

Current thread (0x00007ff44800b000):  JavaThread "main" [_thread_in_native, id=10061, stack(0x00007ff44eac5000,0x00007ff44ebc6000)]

siginfo: si_signo: 11 (SIGSEGV), si_code: 1 (SEGV_MAPERR), si_addr: 0x0000000000000000

Registers:
RAX=0x0000000000000000, RBX=0x00007ff44800b1f8, RCX=0x00000000d7527610, RDX=0x00007ff4483dba70
RSP=0x00007ff44ebc3770, RBP=0x00007ff44ebc3770, RSI=0x00007ff44ebc37d0, RDI=0x00007ff4483dbb80
R8 =0x00007ff4483dbb38, R9 =0x0000000000000002, R10=0x00007ff438dc9d38, R11=0x00007ff438dc95e0
R12=0x0000000000000000, R13=0x00007ff44ebc3870, R14=0x0000000000000000, R15=0x00007ff44800b000
RIP=0x00007ff434a4646b, EFLAGS=0x0000000000010246, CSGSFS=0x0000000000000033, ERR=0x0000000000000004
  TRAPNO=0x000000000000000e

Top of Stack: (sp=0x00007ff44ebc3770)
0x00007ff44ebc3770:   00007ff44ebc3780 00007ff4349d610e
0x00007ff44ebc3780:   00007ff44ebc3790 00007ff4349d606e
0x00007ff44ebc3790:   00007ff44ebc37c0 00007ff434954bb7
0x00007ff44ebc37a0:   00007ff43766aa48 0000000000000000
0x00007ff44ebc37b0:   00007ff44ebc3870 0000000000000000
0x00007ff44ebc37c0:   00007ff44ebc3810 00007ff438dc9da8
0x00007ff44ebc37d0:   00000000d7527610 0000000000000000
0x00007ff44ebc37e0:   00000000d6e1efa8 00000000d80ad358
0x00007ff44ebc37f0:   00007ff44ebc38b8 00007ff438dc0f9c
0x00007ff44ebc3800:   00000000d80ad3c8 00007ff438dd1aef
0x00007ff44ebc3810:   00007ff44ebc38b8 00007ff438dc964c
0x00007ff44ebc3820:   ffffffffffffffff 00007ff437669948
0x00007ff44ebc3830:   00000000d6e1efa8 0000000000000001
0x00007ff44ebc3840:   00000000d6e1efa8 00007ff438be09d0
0x00007ff44ebc3850:   00007ff44ebc38b8 00007ff438be09d0
0x00007ff44ebc3860:   00007ff438be0c4d 00007ff438be09d0
0x00007ff44ebc3870:   00000000d7527610 00007ff44ebc3878
0x00007ff44ebc3880:   00007ff4375d8fa8 00007ff44ebc3930
0x00007ff44ebc3890:   00007ff4375f9af8 0000000000000000
0x00007ff44ebc38a0:   00007ff4375d9108 00007ff44ebc3870
0x00007ff44ebc38b0:   00007ff44ebc3930 00007ff44ebc3978
0x00007ff44ebc38c0:   00007ff438be0c4d 00000000000003e7
0x00007ff44ebc38d0:   00000000d80ac410 00000000d80ad450
0x00007ff44ebc38e0:   00000000009e3400 00000000d7527610
0x00007ff44ebc38f0:   00000000000003e7 00000000d75128e8
0x00007ff44ebc3900:   00000000d750bed8 00000000d74f7438
0x00007ff44ebc3910:   00000000d74f7340 00000000d74f72f0
0x00007ff44ebc3920:   00000000d74f07f0 00000000d74cb7f0
0x00007ff44ebc3930:   00000000d74037d0 00007ff44ebc3938
0x00007ff44ebc3940:   00007ff4375d9234 00007ff44ebc39b8
0x00007ff44ebc3950:   00007ff4375f9af8 0000000000000000
0x00007ff44ebc3960:   00007ff4375d92b8 00007ff44ebc3930 

Instructions: (pc=0x00007ff434a4646b)
0x00007ff434a4644b:   c3 0f 1f 40 00 48 8b 87 d8 00 00 00 48 8b 50 18
0x00007ff434a4645b:   48 8b 40 10 c3 55 48 8b 87 d8 00 00 00 48 89 e5
0x00007ff434a4646b:   48 8b 38 48 8b 07 ff 50 48 5d c3 66 2e 0f 1f 84
0x00007ff434a4647b:   00 00 00 00 00 55 48 89 e5 41 57 41 56 49 89 f6 

Register to memory mapping:

RAX=0x0000000000000000 is an unknown value
RBX=0x00007ff44800b1f8 is an unknown value
RCX=0x00000000d7527610 is an oop
org.rocksdb.RocksIterator 
 - klass: 'org/rocksdb/RocksIterator'
RDX=0x00007ff4483dba70 is an unknown value
RSP=0x00007ff44ebc3770 is pointing into the stack for thread: 0x00007ff44800b000
RBP=0x00007ff44ebc3770 is pointing into the stack for thread: 0x00007ff44800b000
RSI=0x00007ff44ebc37d0 is pointing into the stack for thread: 0x00007ff44800b000
RDI=0x00007ff4483dbb80 is an unknown value
R8 =0x00007ff4483dbb38 is an unknown value
R9 =0x0000000000000002 is an unknown value
R10=0x00007ff438dc9d38 is at entry_point+56 in (nmethod*)0x00007ff438dc9b90
R11=0x00007ff438dc95e0 is at entry_point+32 in (nmethod*)0x00007ff438dc9450
R12=0x0000000000000000 is an unknown value
R13=0x00007ff44ebc3870 is pointing into the stack for thread: 0x00007ff44800b000
R14=0x0000000000000000 is an unknown value
R15=0x00007ff44800b000 is a thread


Stack: [0x00007ff44eac5000,0x00007ff44ebc6000],  sp=0x00007ff44ebc3770,  free space=1017k
Native frames: (J=compiled Java code, j=interpreted, Vv=VM code, C=native code)
C  [librocksdbjni3324933989859256743..so+0x1fa46b]  rocksdb::MergingIterator::value() const+0xb
C  [librocksdbjni3324933989859256743..so+0x18a10e]  rocksdb::DBIter::value() const+0x2e
C  [librocksdbjni3324933989859256743..so+0x18a06e]  rocksdb::ArenaWrappedDBIter::value() const+0xe
C  [librocksdbjni3324933989859256743..so+0x108bb7]  Java_org_rocksdb_RocksIterator_value0+0x17
J 351  org.rocksdb.RocksIterator.value0(J)[B (0 bytes) @ 0x00007ff438dc9da8 [0x00007ff438dc9d00+0xa8]
J 350 C1 org.rocksdb.RocksIterator.value()[B (30 bytes) @ 0x00007ff438dc964c [0x00007ff438dc95c0+0x8c]
j  org.yamcs.parameterarchive.TestStructure.scanParameters()V+168
j  org.yamcs.parameterarchive.TestStructure.testAllParamsInOneCf()V+100
v  ~StubRoutines::call_stub
V  [libjvm.so+0x68bc46]  JavaCalls::call_helper(JavaValue*, methodHandle*, JavaCallArguments*, Thread*)+0x1056
V  [libjvm.so+0x991bf7]  Reflection::invoke(instanceKlassHandle, methodHandle, Handle, bool, objArrayHandle, BasicType, objArrayHandle, bool, Thread*)+0x5d7
V  [libjvm.so+0x995307]  Reflection::invoke_method(oopDesc*, Handle, objArrayHandle, Thread*)+0x147
V  [libjvm.so+0x71a6db]  JVM_InvokeMethod+0x26b
j  sun.reflect.NativeMethodAccessorImpl.invoke0(Ljava/lang/reflect/Method;Ljava/lang/Object;[Ljava/lang/Object;)Ljava/lang/Object;+0
j  sun.reflect.NativeMethodAccessorImpl.invoke(Ljava/lang/Object;[Ljava/lang/Object;)Ljava/lang/Object;+100
j  sun.reflect.DelegatingMethodAccessorImpl.invoke(Ljava/lang/Object;[Ljava/lang/Object;)Ljava/lang/Object;+6
j  java.lang.reflect.Method.invoke(Ljava/lang/Object;[Ljava/lang/Object;)Ljava/lang/Object;+56
j  org.junit.runners.model.FrameworkMethod$1.runReflectiveCall()Ljava/lang/Object;+15
j  org.junit.internal.runners.model.ReflectiveCallable.run()Ljava/lang/Object;+1
j  org.junit.runners.model.FrameworkMethod.invokeExplosively(Ljava/lang/Object;[Ljava/lang/Object;)Ljava/lang/Object;+10
j  org.junit.internal.runners.statements.InvokeMethod.evaluate()V+12
j  org.junit.runners.BlockJUnit4ClassRunner.runNotIgnored(Lorg/junit/runners/model/FrameworkMethod;Lorg/junit/internal/runners/model/EachTestNotifier;)V+9
j  org.junit.runners.BlockJUnit4ClassRunner.runChild(Lorg/junit/runners/model/FrameworkMethod;Lorg/junit/runner/notification/RunNotifier;)V+28
j  org.junit.runners.BlockJUnit4ClassRunner.runChild(Ljava/lang/Object;Lorg/junit/runner/notification/RunNotifier;)V+6
j  org.junit.runners.ParentRunner$3.run()V+12
j  org.junit.runners.ParentRunner$1.schedule(Ljava/lang/Runnable;)V+1
j  org.junit.runners.ParentRunner.runChildren(Lorg/junit/runner/notification/RunNotifier;)V+40
j  org.junit.runners.ParentRunner.access$000(Lorg/junit/runners/ParentRunner;Lorg/junit/runner/notification/RunNotifier;)V+2
j  org.junit.runners.ParentRunner$2.evaluate()V+8
j  org.junit.runners.ParentRunner.run(Lorg/junit/runner/notification/RunNotifier;)V+20
j  org.eclipse.jdt.internal.junit4.runner.JUnit4TestReference.run(Lorg/eclipse/jdt/internal/junit/runner/TestExecution;)V+72
j  org.eclipse.jdt.internal.junit.runner.TestExecution.run([Lorg/eclipse/jdt/internal/junit/runner/ITestReference;)V+17
j  org.eclipse.jdt.internal.junit.runner.RemoteTestRunner.runTests([Ljava/lang/String;Ljava/lang/String;Lorg/eclipse/jdt/internal/junit/runner/TestExecution;)V+61
j  org.eclipse.jdt.internal.junit.runner.RemoteTestRunner.runTests(Lorg/eclipse/jdt/internal/junit/runner/TestExecution;)V+10
j  org.eclipse.jdt.internal.junit.runner.RemoteTestRunner.run()V+70
j  org.eclipse.jdt.internal.junit.runner.RemoteTestRunner.main([Ljava/lang/String;)V+14
v  ~StubRoutines::call_stub
V  [libjvm.so+0x68bc46]  JavaCalls::call_helper(JavaValue*, methodHandle*, JavaCallArguments*, Thread*)+0x1056
V  [libjvm.so+0x6cd262]  jni_invoke_static(JNIEnv_*, JavaValue*, _jobject*, JNICallType, _jmethodID*, JNI_ArgumentPusher*, Thread*)+0x362
V  [libjvm.so+0x6e9c6a]  jni_CallStaticVoidMethod+0x17a
C  [libjli.so+0x7bcc]  JavaMain+0x80c
C  [libpthread.so.0+0x8182]  start_thread+0xc2

Java frames: (J=compiled Java code, j=interpreted, Vv=VM code)
J 351  org.rocksdb.RocksIterator.value0(J)[B (0 bytes) @ 0x00007ff438dc9d38 [0x00007ff438dc9d00+0x38]
J 350 C1 org.rocksdb.RocksIterator.value()[B (30 bytes) @ 0x00007ff438dc964c [0x00007ff438dc95c0+0x8c]
j  org.yamcs.parameterarchive.TestStructure.scanParameters()V+168
j  org.yamcs.parameterarchive.TestStructure.testAllParamsInOneCf()V+100
v  ~StubRoutines::call_stub
j  sun.reflect.NativeMethodAccessorImpl.invoke0(Ljava/lang/reflect/Method;Ljava/lang/Object;[Ljava/lang/Object;)Ljava/lang/Object;+0
j  sun.reflect.NativeMethodAccessorImpl.invoke(Ljava/lang/Object;[Ljava/lang/Object;)Ljava/lang/Object;+100
j  sun.reflect.DelegatingMethodAccessorImpl.invoke(Ljava/lang/Object;[Ljava/lang/Object;)Ljava/lang/Object;+6
j  java.lang.reflect.Method.invoke(Ljava/lang/Object;[Ljava/lang/Object;)Ljava/lang/Object;+56
j  org.junit.runners.model.FrameworkMethod$1.runReflectiveCall()Ljava/lang/Object;+15
j  org.junit.internal.runners.model.ReflectiveCallable.run()Ljava/lang/Object;+1
j  org.junit.runners.model.FrameworkMethod.invokeExplosively(Ljava/lang/Object;[Ljava/lang/Object;)Ljava/lang/Object;+10
j  org.junit.internal.runners.statements.InvokeMethod.evaluate()V+12
j  org.junit.runners.BlockJUnit4ClassRunner.runNotIgnored(Lorg/junit/runners/model/FrameworkMethod;Lorg/junit/internal/runners/model/EachTestNotifier;)V+9
j  org.junit.runners.BlockJUnit4ClassRunner.runChild(Lorg/junit/runners/model/FrameworkMethod;Lorg/junit/runner/notification/RunNotifier;)V+28
j  org.junit.runners.BlockJUnit4ClassRunner.runChild(Ljava/lang/Object;Lorg/junit/runner/notification/RunNotifier;)V+6
j  org.junit.runners.ParentRunner$3.run()V+12
j  org.junit.runners.ParentRunner$1.schedule(Ljava/lang/Runnable;)V+1
j  org.junit.runners.ParentRunner.runChildren(Lorg/junit/runner/notification/RunNotifier;)V+40
j  org.junit.runners.ParentRunner.access$000(Lorg/junit/runners/ParentRunner;Lorg/junit/runner/notification/RunNotifier;)V+2
j  org.junit.runners.ParentRunner$2.evaluate()V+8
j  org.junit.runners.ParentRunner.run(Lorg/junit/runner/notification/RunNotifier;)V+20
j  org.eclipse.jdt.internal.junit4.runner.JUnit4TestReference.run(Lorg/eclipse/jdt/internal/junit/runner/TestExecution;)V+72
j  org.eclipse.jdt.internal.junit.runner.TestExecution.run([Lorg/eclipse/jdt/internal/junit/runner/ITestReference;)V+17
j  org.eclipse.jdt.internal.junit.runner.RemoteTestRunner.runTests([Ljava/lang/String;Ljava/lang/String;Lorg/eclipse/jdt/internal/junit/runner/TestExecution;)V+61
j  org.eclipse.jdt.internal.junit.runner.RemoteTestRunner.runTests(Lorg/eclipse/jdt/internal/junit/runner/TestExecution;)V+10
j  org.eclipse.jdt.internal.junit.runner.RemoteTestRunner.run()V+70
j  org.eclipse.jdt.internal.junit.runner.RemoteTestRunner.main([Ljava/lang/String;)V+14
v  ~StubRoutines::call_stub

---------------  P R O C E S S  ---------------

Java Threads: ( => current thread )
  0x00007ff448218000 JavaThread "ReaderThread" [_thread_in_native, id=10075, stack(0x00007ff434fc1000,0x00007ff4350c2000)]
  0x00007ff4480c1000 JavaThread "Service Thread" daemon [_thread_blocked, id=10073, stack(0x00007ff435540000,0x00007ff435641000)]
  0x00007ff4480bc000 JavaThread "C1 CompilerThread2" daemon [_thread_blocked, id=10072, stack(0x00007ff435641000,0x00007ff435742000)]
  0x00007ff4480ba000 JavaThread "C2 CompilerThread1" daemon [_thread_in_native, id=10071, stack(0x00007ff435742000,0x00007ff435843000)]
  0x00007ff4480b7800 JavaThread "C2 CompilerThread0" daemon [_thread_in_native, id=10070, stack(0x00007ff435843000,0x00007ff435944000)]
  0x00007ff4480b6000 JavaThread "Signal Dispatcher" daemon [_thread_blocked, id=10069, stack(0x00007ff435944000,0x00007ff435a45000)]
  0x00007ff448080000 JavaThread "Finalizer" daemon [_thread_blocked, id=10068, stack(0x00007ff435d0e000,0x00007ff435e0f000)]
  0x00007ff44807e000 JavaThread "Reference Handler" daemon [_thread_blocked, id=10067, stack(0x00007ff435e0f000,0x00007ff435f10000)]
=>0x00007ff44800b000 JavaThread "main" [_thread_in_native, id=10061, stack(0x00007ff44eac5000,0x00007ff44ebc6000)]

Other Threads:
  0x00007ff448079000 VMThread [stack: 0x00007ff435f10000,0x00007ff436011000] [id=10066]
  0x00007ff4480c4000 WatcherThread [stack: 0x00007ff43543f000,0x00007ff435540000] [id=10074]

VM state:not at safepoint (normal execution)

VM Mutex/Monitor currently owned by a thread: None

Heap:
 PSYoungGen      total 36864K, used 19731K [0x00000000d6e00000, 0x00000000d9700000, 0x0000000100000000)
  eden space 31744K, 62% used [0x00000000d6e00000,0x00000000d8144c50,0x00000000d8d00000)
  from space 5120K, 0% used [0x00000000d9200000,0x00000000d9200000,0x00000000d9700000)
  to   space 5120K, 0% used [0x00000000d8d00000,0x00000000d8d00000,0x00000000d9200000)
 ParOldGen       total 84992K, used 0K [0x0000000084a00000, 0x0000000089d00000, 0x00000000d6e00000)
  object space 84992K, 0% used [0x0000000084a00000,0x0000000084a00000,0x0000000089d00000)
 Metaspace       used 5340K, capacity 5400K, committed 5632K, reserved 1056768K
  class space    used 614K, capacity 656K, committed 768K, reserved 1048576K

Card table byte_map: [0x00007ff43843d000,0x00007ff438819000] byte_map_base: 0x00007ff438018000

Marking Bits: (ParMarkBitMap*) 0x00007ff44dfa6020
 Begin Bits: [0x00007ff42c250000, 0x00007ff42e128000)
 End Bits:   [0x00007ff42e128000, 0x00007ff430000000)

Polling page: 0x00007ff44ebed000

CodeCache: size=245760Kb used=2023Kb max_used=2037Kb free=243736Kb
 bounds [0x00007ff438bd9000, 0x00007ff438e49000, 0x00007ff447bd9000]
 total_blobs=675 nmethods=363 adapters=226
 compilation: enabled

Compilation events (10 events):
Event: 1.174 Thread 0x00007ff4480ba000 nmethod 360 0x00007ff438dd1810 code [0x00007ff438dd1980, 0x00007ff438dd1cf8]
Event: 1.174 Thread 0x00007ff4480ba000  361       4       java.nio.Bits::makeInt (29 bytes)
Event: 1.175 Thread 0x00007ff4480ba000 nmethod 361 0x00007ff438db3290 code [0x00007ff438db33c0, 0x00007ff438db3418]
Event: 1.177 Thread 0x00007ff4480b7800 nmethod 359 0x00007ff438dd43d0 code [0x00007ff438dd45a0, 0x00007ff438dd52c8]
Event: 1.182 Thread 0x00007ff4480ba000  362   !   4       java.io.BufferedWriter::write (117 bytes)
Event: 1.183 Thread 0x00007ff4480b7800  363       4       sun.nio.cs.StreamEncoder::writeBytes (132 bytes)
Event: 1.245 Thread 0x00007ff4480ba000 nmethod 362 0x00007ff438dd22d0 code [0x00007ff438dd2440, 0x00007ff438dd2ab8]
Event: 1.245 Thread 0x00007ff4480ba000  364   !   4       sun.nio.cs.StreamEncoder::flushBuffer (42 bytes)
Event: 1.256 Thread 0x00007ff4480b7800 nmethod 363 0x00007ff438dd6190 code [0x00007ff438dd6360, 0x00007ff438dd7108]
Event: 1.257 Thread 0x00007ff4480b7800  365   !   4       java.io.PrintStream::write (69 bytes)

GC Heap History (0 events):
No events

Deoptimization events (3 events):
Event: 0.325 Thread 0x00007ff44800b000 Uncommon trap: reason=unstable_if action=reinterpret pc=0x00007ff438cfd604 method=java.lang.String.indexOf(II)I @ 49
Event: 0.643 Thread 0x00007ff44800b000 Uncommon trap: reason=unstable_if action=reinterpret pc=0x00007ff438d17d8c method=java.lang.String.indexOf([CII[CIII)I @ 3
Event: 0.653 Thread 0x00007ff44800b000 Uncommon trap: reason=unstable_if action=reinterpret pc=0x00007ff438d14250 method=java.lang.String.indexOf([CII[CIII)I @ 123

Internal exceptions (6 events):
Event: 0.082 Thread 0x00007ff44800b000 Exception <a 'java/lang/NoSuchMethodError': Method sun.misc.Unsafe.defineClass(Ljava/lang/String;[BII)Ljava/lang/Class; name or signature does not match> (0x00000000d6e12848) thrown at [/HUDSON/workspace/8-2-build-linux-amd64/jdk8u66/4988/hotspot/src/shar
Event: 0.082 Thread 0x00007ff44800b000 Exception <a 'java/lang/NoSuchMethodError': Method sun.misc.Unsafe.prefetchRead(Ljava/lang/Object;J)V name or signature does not match> (0x00000000d6e12b30) thrown at [/HUDSON/workspace/8-2-build-linux-amd64/jdk8u66/4988/hotspot/src/share/vm/prims/jni.cpp
Event: 0.393 Thread 0x00007ff44800b000 Exception <a 'java/security/PrivilegedActionException'> (0x00000000d71f0400) thrown at [/HUDSON/workspace/8-2-build-linux-amd64/jdk8u66/4988/hotspot/src/share/vm/prims/jvm.cpp, line 1386]
Event: 0.393 Thread 0x00007ff44800b000 Exception <a 'java/security/PrivilegedActionException'> (0x00000000d71f07f8) thrown at [/HUDSON/workspace/8-2-build-linux-amd64/jdk8u66/4988/hotspot/src/share/vm/prims/jvm.cpp, line 1386]
Event: 0.394 Thread 0x00007ff44800b000 Exception <a 'java/security/PrivilegedActionException'> (0x00000000d71f3008) thrown at [/HUDSON/workspace/8-2-build-linux-amd64/jdk8u66/4988/hotspot/src/share/vm/prims/jvm.cpp, line 1386]
Event: 0.394 Thread 0x00007ff44800b000 Exception <a 'java/security/PrivilegedActionException'> (0x00000000d71f3400) thrown at [/HUDSON/workspace/8-2-build-linux-amd64/jdk8u66/4988/hotspot/src/share/vm/prims/jvm.cpp, line 1386]

Events (10 events):
Event: 0.815 loading class org/rocksdb/DBOptions
Event: 0.815 loading class org/rocksdb/DBOptions done
Event: 0.873 loading class org/rocksdb/ColumnFamilyHandle
Event: 0.873 loading class org/rocksdb/ColumnFamilyHandle done
Event: 0.875 loading class org/rocksdb/RocksIterator
Event: 0.875 loading class org/rocksdb/RocksIterator done
Event: 0.875 loading class org/rocksdb/AbstractRocksIterator
Event: 0.875 loading class org/rocksdb/AbstractRocksIterator done
Event: 0.876 loading class org/rocksdb/RocksIteratorInterface
Event: 0.876 loading class org/rocksdb/RocksIteratorInterface done


Dynamic libraries:
00400000-00401000 r-xp 00000000 08:01 8533428                            /usr/lib/jvm/java-8-oracle/bin/java
00600000-00601000 rw-p 00000000 08:01 8533428                            /usr/lib/jvm/java-8-oracle/bin/java
01d0b000-01d2c000 rw-p 00000000 00:00 0                                  [heap]
84a00000-89d00000 rw-p 00000000 00:00 0 
89d00000-d6e00000 ---p 00000000 00:00 0 
d6e00000-d9700000 rw-p 00000000 00:00 0 
d9700000-100000000 ---p 00000000 00:00 0 
100000000-1000c0000 rw-p 00000000 00:00 0 
1000c0000-140000000 ---p 00000000 00:00 0 
7ff3f0000000-7ff3f0ae6000 rw-p 00000000 00:00 0 
7ff3f0ae6000-7ff3f4000000 ---p 00000000 00:00 0 
7ff3f77ff000-7ff3f7800000 ---p 00000000 00:00 0 
7ff3f7800000-7ff3f8000000 rw-p 00000000 00:00 0                          [stack:10076]
7ff3f8000000-7ff3f8021000 rw-p 00000000 00:00 0 
7ff3f8021000-7ff3fc000000 ---p 00000000 00:00 0 
7ff3fc000000-7ff3fc021000 rw-p 00000000 00:00 0 
7ff3fc021000-7ff400000000 ---p 00000000 00:00 0 
7ff400000000-7ff40017b000 rw-p 00000000 00:00 0 
7ff40017b000-7ff404000000 ---p 00000000 00:00 0 
7ff404000000-7ff404021000 rw-p 00000000 00:00 0 
7ff404021000-7ff408000000 ---p 00000000 00:00 0 
7ff408000000-7ff408134000 rw-p 00000000 00:00 0 
7ff408134000-7ff40c000000 ---p 00000000 00:00 0 
7ff40c000000-7ff40c12a000 rw-p 00000000 00:00 0 
7ff40c12a000-7ff410000000 ---p 00000000 00:00 0 
7ff410000000-7ff410021000 rw-p 00000000 00:00 0 
7ff410021000-7ff414000000 ---p 00000000 00:00 0 
7ff414000000-7ff414021000 rw-p 00000000 00:00 0 
7ff414021000-7ff418000000 ---p 00000000 00:00 0 
7ff418000000-7ff418021000 rw-p 00000000 00:00 0 
7ff418021000-7ff41c000000 ---p 00000000 00:00 0 
7ff41c000000-7ff41c021000 rw-p 00000000 00:00 0 
7ff41c021000-7ff420000000 ---p 00000000 00:00 0 
7ff420000000-7ff420021000 rw-p 00000000 00:00 0 
7ff420021000-7ff424000000 ---p 00000000 00:00 0 
7ff424000000-7ff424021000 rw-p 00000000 00:00 0 
7ff424021000-7ff428000000 ---p 00000000 00:00 0 
7ff428000000-7ff428021000 rw-p 00000000 00:00 0 
7ff428021000-7ff42c000000 ---p 00000000 00:00 0 
7ff42c099000-7ff430000000 rw-p 00000000 00:00 0 
7ff430000000-7ff430021000 rw-p 00000000 00:00 0 
7ff430021000-7ff434000000 ---p 00000000 00:00 0 
7ff434157000-7ff43430e000 rw-p 00000000 00:00 0 
7ff43430e000-7ff434324000 r-xp 00000000 08:01 7864338                    /lib/x86_64-linux-gnu/libgcc_s.so.1
7ff434324000-7ff434523000 ---p 00016000 08:01 7864338                    /lib/x86_64-linux-gnu/libgcc_s.so.1
7ff434523000-7ff434524000 rw-p 00015000 08:01 7864338                    /lib/x86_64-linux-gnu/libgcc_s.so.1
7ff434524000-7ff43460a000 r-xp 00000000 08:01 7344359                    /usr/lib/x86_64-linux-gnu/libstdc++.so.6.0.19
7ff43460a000-7ff434809000 ---p 000e6000 08:01 7344359                    /usr/lib/x86_64-linux-gnu/libstdc++.so.6.0.19
7ff434809000-7ff434811000 r--p 000e5000 08:01 7344359                    /usr/lib/x86_64-linux-gnu/libstdc++.so.6.0.19
7ff434811000-7ff434813000 rw-p 000ed000 08:01 7344359                    /usr/lib/x86_64-linux-gnu/libstdc++.so.6.0.19
7ff434813000-7ff434828000 rw-p 00000000 00:00 0 
7ff434848000-7ff43484c000 rw-p 00000000 00:00 0 
7ff43484c000-7ff434b94000 r-xp 00000000 08:01 5767580                    /tmp/librocksdbjni3324933989859256743..so
7ff434b94000-7ff434d93000 ---p 00348000 08:01 5767580                    /tmp/librocksdbjni3324933989859256743..so
7ff434d93000-7ff434da6000 rw-p 00347000 08:01 5767580                    /tmp/librocksdbjni3324933989859256743..so
7ff434da6000-7ff434dab000 rw-p 00000000 00:00 0 
7ff434dab000-7ff434dbc000 r-xp 00000000 08:01 8664339                    /usr/lib/jvm/java-8-oracle/jre/lib/amd64/libnio.so
7ff434dbc000-7ff434fbb000 ---p 00011000 08:01 8664339                    /usr/lib/jvm/java-8-oracle/jre/lib/amd64/libnio.so
7ff434fbb000-7ff434fbc000 rw-p 00010000 08:01 8664339                    /usr/lib/jvm/java-8-oracle/jre/lib/amd64/libnio.so
7ff434fbc000-7ff434fc1000 r--s 00096000 08:01 8664452                    /usr/lib/jvm/java-8-oracle/jre/lib/jsse.jar
7ff434fc1000-7ff434fc4000 ---p 00000000 00:00 0 
7ff434fc4000-7ff4350f3000 rw-p 00000000 00:00 0                          [stack:10075]
7ff4350f3000-7ff435109000 r-xp 00000000 08:01 8664297                    /usr/lib/jvm/java-8-oracle/jre/lib/amd64/libnet.so
7ff435109000-7ff435309000 ---p 00016000 08:01 8664297                    /usr/lib/jvm/java-8-oracle/jre/lib/amd64/libnet.so
7ff435309000-7ff43530a000 rw-p 00016000 08:01 8664297                    /usr/lib/jvm/java-8-oracle/jre/lib/amd64/libnet.so
7ff43530a000-7ff43530d000 r--s 00404000 08:01 7740766                    /home/nm/.m2/repository/org/rocksdb/rocksdbjni/3.13.1/rocksdbjni-3.13.1.jar
7ff43530d000-7ff43530e000 r--s 00006000 08:01 6553846                    /home/nm/.m2/repository/tokyocabinet/tokyocabinet/1.18/tokyocabinet-1.18.jar
7ff43530e000-7ff435339000 r--s 001fc000 08:01 7362587                    /home/nm/.m2/repository/com/google/guava/guava/18.0/guava-18.0.jar
7ff435339000-7ff43534f000 r--s 001e6000 08:01 7865056                    /home/nm/.m2/repository/org/jgroups/jgroups/3.3.4.Final/jgroups-3.3.4.Final.jar
7ff43534f000-7ff435359000 r--s 00081000 08:01 6819182                    /home/nm/.m2/repository/org/hornetq/hornetq-core-client/2.4.6.Final/hornetq-core-client-2.4.6.Final.jar
7ff435359000-7ff43535d000 r--s 0002a000 08:01 7865062                    /home/nm/.m2/repository/org/hornetq/hornetq-journal/2.4.6.Final/hornetq-journal-2.4.6.Final.jar
7ff43535d000-7ff435361000 r--s 00019000 08:01 7865059                    /home/nm/.m2/repository/org/hornetq/hornetq-commons/2.4.6.Final/hornetq-commons-2.4.6.Final.jar
7ff435361000-7ff435363000 r--s 0000d000 08:01 11934257                   /home/nm/.m2/repository/org/jboss/logging/jboss-logging/3.1.0.GA/jboss-logging-3.1.0.GA.jar
7ff435363000-7ff435372000 r--s 000ea000 08:01 7865078                    /home/nm/.m2/repository/org/hornetq/hornetq-server/2.4.6.Final/hornetq-server-2.4.6.Final.jar
7ff435372000-7ff43537e000 r--s 000aa000 08:01 6424097                    /home/nm/.m2/repository/net/sourceforge/jexcelapi/jxl/2.6.10/jxl-2.6.10.jar
7ff43537e000-7ff435389000 r--s 00067000 08:01 6553839                    /home/nm/.m2/repository/janino/janino/2.5.15/janino-2.5.15.jar
7ff435389000-7ff435426000 r--s 00d11000 08:01 6553852                    /home/nm/.m2/repository/org/python/jython-standalone/2.5.3/jython-standalone-2.5.3.jar
7ff435426000-7ff43543f000 r--s 0014f000 08:01 7865069                    /home/nm/.m2/repository/io/netty/netty-all/4.0.13.Final/netty-all-4.0.13.Final.jar
7ff43543f000-7ff435440000 ---p 00000000 00:00 0 
7ff435440000-7ff435540000 rw-p 00000000 00:00 0                          [stack:10074]
7ff435540000-7ff435543000 ---p 00000000 00:00 0 
7ff435543000-7ff435641000 rw-p 00000000 00:00 0                          [stack:10073]
7ff435641000-7ff435644000 ---p 00000000 00:00 0 
7ff435644000-7ff435742000 rw-p 00000000 00:00 0                          [stack:10072]
7ff435742000-7ff435745000 ---p 00000000 00:00 0 
7ff435745000-7ff435843000 rw-p 00000000 00:00 0                          [stack:10071]
7ff435843000-7ff435846000 ---p 00000000 00:00 0 
7ff435846000-7ff435944000 rw-p 00000000 00:00 0                          [stack:10070]
7ff435944000-7ff435947000 ---p 00000000 00:00 0 
7ff435947000-7ff435a45000 rw-p 00000000 00:00 0                          [stack:10069]
7ff435a45000-7ff435d0e000 r--p 00000000 08:01 7340172                    /usr/lib/locale/locale-archive
7ff435d0e000-7ff435d11000 ---p 00000000 00:00 0 
7ff435d11000-7ff435e0f000 rw-p 00000000 00:00 0                          [stack:10068]
7ff435e0f000-7ff435e12000 ---p 00000000 00:00 0 
7ff435e12000-7ff435f10000 rw-p 00000000 00:00 0                          [stack:10067]
7ff435f10000-7ff435f11000 ---p 00000000 00:00 0 
7ff435f11000-7ff436ff3000 rw-p 00000000 00:00 0                          [stack:10066]
7ff436ff3000-7ff4371cc000 r--s 03d20000 08:01 8664350                    /usr/lib/jvm/java-8-oracle/jre/lib/rt.jar
7ff4371cc000-7ff43768c000 rw-p 00000000 00:00 0 
7ff43768c000-7ff4379cc000 ---p 00000000 00:00 0 
7ff4379cc000-7ff437da7000 rw-p 00000000 00:00 0 
7ff437da7000-7ff437da8000 ---p 00000000 00:00 0 
7ff437da8000-7ff437ea8000 rw-p 00000000 00:00 0                          [stack:10065]
7ff437ea8000-7ff437ea9000 ---p 00000000 00:00 0 
7ff437ea9000-7ff437fa9000 rw-p 00000000 00:00 0                          [stack:10064]
7ff437fa9000-7ff437faa000 ---p 00000000 00:00 0 
7ff437faa000-7ff4380aa000 rw-p 00000000 00:00 0                          [stack:10063]
7ff4380aa000-7ff4380ab000 ---p 00000000 00:00 0 
7ff4380ab000-7ff4381d5000 rw-p 00000000 00:00 0                          [stack:10062]
7ff4381d5000-7ff43843d000 ---p 00000000 00:00 0 
7ff43843d000-7ff438467000 rw-p 00000000 00:00 0 
7ff438467000-7ff4386cf000 ---p 00000000 00:00 0 
7ff4386cf000-7ff4386e4000 rw-p 00000000 00:00 0 
7ff4386e4000-7ff438818000 ---p 00000000 00:00 0 
7ff438818000-7ff438823000 rw-p 00000000 00:00 0 
7ff438823000-7ff438bd9000 ---p 00000000 00:00 0 
7ff438bd9000-7ff438e49000 rwxp 00000000 00:00 0 
7ff438e49000-7ff447bd9000 ---p 00000000 00:00 0 
7ff447bd9000-7ff447bf3000 r-xp 00000000 08:01 8664289                    /usr/lib/jvm/java-8-oracle/jre/lib/amd64/libzip.so
7ff447bf3000-7ff447df3000 ---p 0001a000 08:01 8664289                    /usr/lib/jvm/java-8-oracle/jre/lib/amd64/libzip.so
7ff447df3000-7ff447df4000 rw-p 0001a000 08:01 8664289                    /usr/lib/jvm/java-8-oracle/jre/lib/amd64/libzip.so
7ff447df4000-7ff447dff000 r-xp 00000000 08:01 7868033                    /lib/x86_64-linux-gnu/libnss_files-2.19.so
7ff447dff000-7ff447ffe000 ---p 0000b000 08:01 7868033                    /lib/x86_64-linux-gnu/libnss_files-2.19.so
7ff447ffe000-7ff447fff000 r--p 0000a000 08:01 7868033                    /lib/x86_64-linux-gnu/libnss_files-2.19.so
7ff447fff000-7ff448000000 rw-p 0000b000 08:01 7868033                    /lib/x86_64-linux-gnu/libnss_files-2.19.so
7ff448000000-7ff449861000 rw-p 00000000 00:00 0 
7ff449861000-7ff44c000000 ---p 00000000 00:00 0 
7ff44c000000-7ff44c001000 r--s 00009000 08:01 7865065                    /home/nm/.m2/repository/org/hornetq/hornetq-native/2.4.6.Final/hornetq-native-2.4.6.Final.jar
7ff44c001000-7ff44c008000 r--s 00053000 08:01 6424100                    /home/nm/.m2/repository/log4j/log4j/1.2.14/log4j-1.2.14.jar
7ff44c008000-7ff44c07e000 rw-p 00000000 00:00 0 
7ff44c07e000-7ff44c089000 r-xp 00000000 08:01 7868071                    /lib/x86_64-linux-gnu/libnss_nis-2.19.so
7ff44c089000-7ff44c288000 ---p 0000b000 08:01 7868071                    /lib/x86_64-linux-gnu/libnss_nis-2.19.so
7ff44c288000-7ff44c289000 r--p 0000a000 08:01 7868071                    /lib/x86_64-linux-gnu/libnss_nis-2.19.so
7ff44c289000-7ff44c28a000 rw-p 0000b000 08:01 7868071                    /lib/x86_64-linux-gnu/libnss_nis-2.19.so
7ff44c28a000-7ff44c2a1000 r-xp 00000000 08:01 7868051                    /lib/x86_64-linux-gnu/libnsl-2.19.so
7ff44c2a1000-7ff44c4a0000 ---p 00017000 08:01 7868051                    /lib/x86_64-linux-gnu/libnsl-2.19.so
7ff44c4a0000-7ff44c4a1000 r--p 00016000 08:01 7868051                    /lib/x86_64-linux-gnu/libnsl-2.19.so
7ff44c4a1000-7ff44c4a2000 rw-p 00017000 08:01 7868051                    /lib/x86_64-linux-gnu/libnsl-2.19.so
7ff44c4a2000-7ff44c4a4000 rw-p 00000000 00:00 0 
7ff44c4a4000-7ff44c4ad000 r-xp 00000000 08:01 7868049                    /lib/x86_64-linux-gnu/libnss_compat-2.19.so
7ff44c4ad000-7ff44c6ac000 ---p 00009000 08:01 7868049                    /lib/x86_64-linux-gnu/libnss_compat-2.19.so
7ff44c6ac000-7ff44c6ad000 r--p 00008000 08:01 7868049                    /lib/x86_64-linux-gnu/libnss_compat-2.19.so
7ff44c6ad000-7ff44c6ae000 rw-p 00009000 08:01 7868049                    /lib/x86_64-linux-gnu/libnss_compat-2.19.so
7ff44c6ae000-7ff44c6d8000 r-xp 00000000 08:01 8664344                    /usr/lib/jvm/java-8-oracle/jre/lib/amd64/libjava.so
7ff44c6d8000-7ff44c8d8000 ---p 0002a000 08:01 8664344                    /usr/lib/jvm/java-8-oracle/jre/lib/amd64/libjava.so
7ff44c8d8000-7ff44c8da000 rw-p 0002a000 08:01 8664344                    /usr/lib/jvm/java-8-oracle/jre/lib/amd64/libjava.so
7ff44c8da000-7ff44c8e7000 r-xp 00000000 08:01 8664336                    /usr/lib/jvm/java-8-oracle/jre/lib/amd64/libverify.so
7ff44c8e7000-7ff44cae7000 ---p 0000d000 08:01 8664336                    /usr/lib/jvm/java-8-oracle/jre/lib/amd64/libverify.so
7ff44cae7000-7ff44cae9000 rw-p 0000d000 08:01 8664336                    /usr/lib/jvm/java-8-oracle/jre/lib/amd64/libverify.so
7ff44cae9000-7ff44caf0000 r-xp 00000000 08:01 7868067                    /lib/x86_64-linux-gnu/librt-2.19.so
7ff44caf0000-7ff44ccef000 ---p 00007000 08:01 7868067                    /lib/x86_64-linux-gnu/librt-2.19.so
7ff44ccef000-7ff44ccf0000 r--p 00006000 08:01 7868067                    /lib/x86_64-linux-gnu/librt-2.19.so
7ff44ccf0000-7ff44ccf1000 rw-p 00007000 08:01 7868067                    /lib/x86_64-linux-gnu/librt-2.19.so
7ff44ccf1000-7ff44cdf6000 r-xp 00000000 08:01 7868031                    /lib/x86_64-linux-gnu/libm-2.19.so
7ff44cdf6000-7ff44cff5000 ---p 00105000 08:01 7868031                    /lib/x86_64-linux-gnu/libm-2.19.so
7ff44cff5000-7ff44cff6000 r--p 00104000 08:01 7868031                    /lib/x86_64-linux-gnu/libm-2.19.so
7ff44cff6000-7ff44cff7000 rw-p 00105000 08:01 7868031                    /lib/x86_64-linux-gnu/libm-2.19.so
7ff44cff7000-7ff44dcb5000 r-xp 00000000 08:01 8664314                    /usr/lib/jvm/java-8-oracle/jre/lib/amd64/server/libjvm.so
7ff44dcb5000-7ff44deb4000 ---p 00cbe000 08:01 8664314                    /usr/lib/jvm/java-8-oracle/jre/lib/amd64/server/libjvm.so
7ff44deb4000-7ff44df8d000 rw-p 00cbd000 08:01 8664314                    /usr/lib/jvm/java-8-oracle/jre/lib/amd64/server/libjvm.so
7ff44df8d000-7ff44dfd1000 rw-p 00000000 00:00 0 
7ff44dfd1000-7ff44e18c000 r-xp 00000000 08:01 7868061                    /lib/x86_64-linux-gnu/libc-2.19.so
7ff44e18c000-7ff44e38b000 ---p 001bb000 08:01 7868061                    /lib/x86_64-linux-gnu/libc-2.19.so
7ff44e38b000-7ff44e38f000 r--p 001ba000 08:01 7868061                    /lib/x86_64-linux-gnu/libc-2.19.so
7ff44e38f000-7ff44e391000 rw-p 001be000 08:01 7868061                    /lib/x86_64-linux-gnu/libc-2.19.so
7ff44e391000-7ff44e396000 rw-p 00000000 00:00 0 
7ff44e396000-7ff44e399000 r-xp 00000000 08:01 7868039                    /lib/x86_64-linux-gnu/libdl-2.19.so
7ff44e399000-7ff44e598000 ---p 00003000 08:01 7868039                    /lib/x86_64-linux-gnu/libdl-2.19.so
7ff44e598000-7ff44e599000 r--p 00002000 08:01 7868039                    /lib/x86_64-linux-gnu/libdl-2.19.so
7ff44e599000-7ff44e59a000 rw-p 00003000 08:01 7868039                    /lib/x86_64-linux-gnu/libdl-2.19.so
7ff44e59a000-7ff44e5af000 r-xp 00000000 08:01 8519859                    /usr/lib/jvm/java-8-oracle/lib/amd64/jli/libjli.so
7ff44e5af000-7ff44e7af000 ---p 00015000 08:01 8519859                    /usr/lib/jvm/java-8-oracle/lib/amd64/jli/libjli.so
7ff44e7af000-7ff44e7b0000 rw-p 00015000 08:01 8519859                    /usr/lib/jvm/java-8-oracle/lib/amd64/jli/libjli.so
7ff44e7b0000-7ff44e7c9000 r-xp 00000000 08:01 7868063                    /lib/x86_64-linux-gnu/libpthread-2.19.so
7ff44e7c9000-7ff44e9c8000 ---p 00019000 08:01 7868063                    /lib/x86_64-linux-gnu/libpthread-2.19.so
7ff44e9c8000-7ff44e9c9000 r--p 00018000 08:01 7868063                    /lib/x86_64-linux-gnu/libpthread-2.19.so
7ff44e9c9000-7ff44e9ca000 rw-p 00019000 08:01 7868063                    /lib/x86_64-linux-gnu/libpthread-2.19.so
7ff44e9ca000-7ff44e9ce000 rw-p 00000000 00:00 0 
7ff44e9ce000-7ff44e9f1000 r-xp 00000000 08:01 7868055                    /lib/x86_64-linux-gnu/ld-2.19.so
7ff44e9f1000-7ff44e9f3000 r--s 00007000 08:01 6553851                    /home/nm/.m2/repository/net/sourceforge/jdatepicker/jdatepicker/1.3.2/jdatepicker-1.3.2.jar
7ff44e9f3000-7ff44e9f9000 r--s 0003b000 08:01 6423888                    /home/nm/.m2/repository/org/yaml/snakeyaml/1.9/snakeyaml-1.9.jar
7ff44e9f9000-7ff44e9fa000 r--s 00001000 08:01 6423009                    /home/nm/.m2/repository/org/slf4j/slf4j-jdk14/1.7.1/slf4j-jdk14-1.7.1.jar
7ff44e9fa000-7ff44eac5000 rw-p 00000000 00:00 0 
7ff44eac5000-7ff44eac8000 ---p 00000000 00:00 0 
7ff44eac8000-7ff44ebca000 rw-p 00000000 00:00 0                          [stack:10061]
7ff44ebca000-7ff44ebcc000 r--s 00005000 08:01 6423006                    /home/nm/.m2/repository/org/slf4j/slf4j-api/1.7.1/slf4j-api-1.7.1.jar
7ff44ebcc000-7ff44ebd2000 r--s 00034000 08:01 6423011                    /home/nm/.m2/repository/junit/junit/4.8.2/junit-4.8.2.jar
7ff44ebd2000-7ff44ebd6000 r--s 00034000 08:01 9964174                    /home/nm/.m2/repository/com/fasterxml/jackson/core/jackson-core/2.4.4/jackson-core-2.4.4.jar
7ff44ebd6000-7ff44ebd8000 r--s 00006000 08:01 7865201                    /home/nm/.m2/repository/io/protostuff/protostuff-json/1.3.3/protostuff-json-1.3.3.jar
7ff44ebd8000-7ff44ebda000 r--s 0000c000 08:01 7865200                    /home/nm/.m2/repository/io/protostuff/protostuff-api/1.3.3/protostuff-api-1.3.3.jar
7ff44ebda000-7ff44ebdc000 r--s 00002000 08:01 6425129                    /home/nm/.m2/repository/net/sourceforge/javacsv/javacsv/2.0/javacsv-2.0.jar
7ff44ebdc000-7ff44ebe4000 r--s 0007b000 08:01 6949369                    /home/nm/.m2/repository/com/google/protobuf/protobuf-java/2.5.0/protobuf-java-2.5.0.jar
7ff44ebe4000-7ff44ebec000 rw-s 00000000 08:01 5767317                    /tmp/hsperfdata_nm/10055
7ff44ebec000-7ff44ebed000 rw-p 00000000 00:00 0 
7ff44ebed000-7ff44ebee000 r--p 00000000 00:00 0 
7ff44ebee000-7ff44ebf0000 rw-p 00000000 00:00 0 
7ff44ebf0000-7ff44ebf1000 r--p 00022000 08:01 7868055                    /lib/x86_64-linux-gnu/ld-2.19.so
7ff44ebf1000-7ff44ebf2000 rw-p 00023000 08:01 7868055                    /lib/x86_64-linux-gnu/ld-2.19.so
7ff44ebf2000-7ff44ebf3000 rw-p 00000000 00:00 0 
7fffce762000-7fffce784000 rw-p 00000000 00:00 0                          [stack]
7fffce793000-7fffce795000 r-xp 00000000 00:00 0                          [vdso]
ffffffffff600000-ffffffffff601000 r-xp 00000000 00:00 0                  [vsyscall]

VM Arguments:
jvm_args: -Djava.library.path=/usr/local/lib -Dfile.encoding=UTF-8 
java_command: org.eclipse.jdt.internal.junit.runner.RemoteTestRunner -version 3 -port 37851 -testLoaderClass org.eclipse.jdt.internal.junit4.runner.JUnit4TestLoader -loaderpluginname org.eclipse.jdt.junit4.runtime -test org.yamcs.parameterarchive.TestStructure:testAllParamsInOneCf
java_class_path (initial): /home/nm/git/yamcs/yamcs-core/target/test-classes:/home/nm/git/yamcs/yamcs-core/target/classes:/home/nm/git/yamcs/yamcs-api/target/classes:/home/nm/.m2/repository/com/google/protobuf/protobuf-java/2.5.0/protobuf-java-2.5.0.jar:/home/nm/.m2/repository/io/netty/netty-all/4.0.13.Final/netty-all-4.0.13.Final.jar:/home/nm/.m2/repository/net/sourceforge/javacsv/javacsv/2.0/javacsv-2.0.jar:/home/nm/.m2/repository/io/protostuff/protostuff-api/1.3.3/protostuff-api-1.3.3.jar:/home/nm/.m2/repository/io/protostuff/protostuff-json/1.3.3/protostuff-json-1.3.3.jar:/home/nm/.m2/repository/com/fasterxml/jackson/core/jackson-core/2.4.4/jackson-core-2.4.4.jar:/home/nm/git/yamcs/yamcs-xtce/target/classes:/home/nm/.m2/repository/junit/junit/4.8.2/junit-4.8.2.jar:/home/nm/.m2/repository/org/python/jython-standalone/2.5.3/jython-standalone-2.5.3.jar:/home/nm/.m2/repository/org/slf4j/slf4j-api/1.7.1/slf4j-api-1.7.1.jar:/home/nm/.m2/repository/org/slf4j/slf4j-jdk14/1.7.1/slf4j-jdk14-1.7.1.jar:/home/nm/.m2/repository/janino/janino/2.5.15/janino-2.5.15.jar:/home/nm/.m2/repository/org/yaml/snakeyaml/1.9/snakeyaml-1.9.jar:/home/nm/.m2/repository/net/sourceforge/jdatepicker/jdatepicker/1.3.2/jdatepicker-1.3.2.jar:/home/nm/.m2/repository/net/sourceforge/jexcelapi/jxl/2.6.10/jxl-2.6.10.jar:/home/nm/.m2/repository/log4j/log4j/1.2.14/log4j-1.2.14.jar:/home/nm/.m2/repository/org/hornetq/hornetq-server/2.4.6.Final/hornetq-server-2.4.6.Final.jar:/home/nm/.m2/repository/org/jboss/logging/jboss-logging/3.1.0.GA/jboss-logging-3.1.0.GA.jar:/home/nm/.m2/repository/org/hornetq/hornetq-commons/2.4.6.Final/hornetq-commons-2.4.6.Final.jar:/home/nm/.m2/repository/org/hornetq/hornetq-journal/2.4.6.Final/hornetq-journal-2.4.6.Final.jar:/home/nm/.m2/repository/org/hornetq/hornetq-native/2.4.6.Final/hornetq-native-2.4.6.Final.jar:/home/nm/.m2/repository/org/hornetq/hornetq-core-client/2.4.6.Final/hornetq-core-client-2.4.6.Final.jar:/home/nm/.m2/repository/org/jgroups/jgroups/3.3.4.Final/
Launcher Type: SUN_STANDARD

Environment Variables:
JAVA_HOME=/usr/lib/jvm/java-8-oracle/
PATH=/home/nm/bin:/opt/eclipse:/usr/local/sbin:/usr/local/bin:/usr/sbin:/usr/bin:/sbin:/bin:/usr/games:/usr/local/games
SHELL=/bin/bash
DISPLAY=:0

Signal Handlers:
SIGSEGV: [libjvm.so+0xaba2a0], sa_mask[0]=11111111011111111101111111111110, sa_flags=SA_RESTART|SA_SIGINFO
SIGBUS: [libjvm.so+0xaba2a0], sa_mask[0]=11111111011111111101111111111110, sa_flags=SA_RESTART|SA_SIGINFO
SIGFPE: [libjvm.so+0x917710], sa_mask[0]=11111111011111111101111111111110, sa_flags=SA_RESTART|SA_SIGINFO
SIGPIPE: [libjvm.so+0x917710], sa_mask[0]=11111111011111111101111111111110, sa_flags=SA_RESTART|SA_SIGINFO
SIGXFSZ: [libjvm.so+0x917710], sa_mask[0]=11111111011111111101111111111110, sa_flags=SA_RESTART|SA_SIGINFO
SIGILL: [libjvm.so+0x917710], sa_mask[0]=11111111011111111101111111111110, sa_flags=SA_RESTART|SA_SIGINFO
SIGUSR1: SIG_DFL, sa_mask[0]=00000000000000000000000000000000, sa_flags=none
SIGUSR2: [libjvm.so+0x918d40], sa_mask[0]=00100000000000000000000000000000, sa_flags=SA_RESTART|SA_SIGINFO
SIGHUP: [libjvm.so+0x91a140], sa_mask[0]=11111111011111111101111111111110, sa_flags=SA_RESTART|SA_SIGINFO
SIGINT: [libjvm.so+0x91a140], sa_mask[0]=11111111011111111101111111111110, sa_flags=SA_RESTART|SA_SIGINFO
SIGTERM: [libjvm.so+0x91a140], sa_mask[0]=11111111011111111101111111111110, sa_flags=SA_RESTART|SA_SIGINFO
SIGQUIT: [libjvm.so+0x91a140], sa_mask[0]=11111111011111111101111111111110, sa_flags=SA_RESTART|SA_SIGINFO


---------------  S Y S T E M  ---------------

OS:DISTRIB_ID=Ubuntu
DISTRIB_RELEASE=14.04
DISTRIB_CODENAME=trusty
DISTRIB_DESCRIPTION="Ubuntu 14.04.3 LTS"

uname:Linux 3.13.0-71-generic #114-Ubuntu SMP Tue Dec 1 02:34:22 UTC 2015 x86_64
libc:glibc 2.19 NPTL 2.19 
rlimit: STACK 8192k, CORE 0k, NPROC 62893, NOFILE 4096, AS infinity
load average:1.27 2.68 3.21

/proc/meminfo:
MemTotal:        8080200 kB
MemFree:         2072880 kB
Buffers:           26028 kB
Cached:          2804484 kB
SwapCached:        96628 kB
Active:          2745784 kB
Inactive:        2848916 kB
Active(anon):    2279068 kB
Inactive(anon):  1057448 kB
Active(file):     466716 kB
Inactive(file):  1791468 kB
Unevictable:          64 kB
Mlocked:              64 kB
SwapTotal:       7812092 kB
SwapFree:        6782368 kB
Dirty:             13588 kB
Writeback:             0 kB
AnonPages:       2732592 kB
Mapped:           438616 kB
Shmem:            571988 kB
Slab:             229844 kB
SReclaimable:     173324 kB
SUnreclaim:        56520 kB
KernelStack:        6592 kB
PageTables:        58732 kB
NFS_Unstable:          0 kB
Bounce:                0 kB
WritebackTmp:          0 kB
CommitLimit:    11852192 kB
Committed_AS:    9590036 kB
VmallocTotal:   34359738367 kB
VmallocUsed:      382080 kB
VmallocChunk:   34359333976 kB
HardwareCorrupted:     0 kB
AnonHugePages:   1230848 kB
HugePages_Total:       0
HugePages_Free:        0
HugePages_Rsvd:        0
HugePages_Surp:        0
Hugepagesize:       2048 kB
DirectMap4k:      196304 kB
DirectMap2M:     7047168 kB
DirectMap1G:     1048576 kB


CPU:total 4 (2 cores per cpu, 2 threads per core) family 6 model 60 stepping 3, cmov, cx8, fxsr, mmx, sse, sse2, sse3, ssse3, sse4.1, sse4.2, popcnt, avx, avx2, aes, clmul, erms, rtm, lzcnt, ht, tsc, tscinvbit, bmi1, bmi2

/proc/cpuinfo:
processor	: 0
vendor_id	: GenuineIntel
cpu family	: 6
model		: 60
model name	: Intel(R) Core(TM) i7-4610M CPU @ 3.00GHz
stepping	: 3
microcode	: 0x17
cpu MHz		: 1000.000
cache size	: 4096 KB
physical id	: 0
siblings	: 4
core id		: 0
cpu cores	: 2
apicid		: 0
initial apicid	: 0
fpu		: yes
fpu_exception	: yes
cpuid level	: 13
wp		: yes
flags		: fpu vme de pse tsc msr pae mce cx8 apic sep mtrr pge mca cmov pat pse36 clflush dts acpi mmx fxsr sse sse2 ss ht tm pbe syscall nx pdpe1gb rdtscp lm constant_tsc arch_perfmon pebs bts rep_good nopl xtopology nonstop_tsc aperfmperf eagerfpu pni pclmulqdq dtes64 monitor ds_cpl vmx smx est tm2 ssse3 fma cx16 xtpr pdcm pcid sse4_1 sse4_2 x2apic movbe popcnt tsc_deadline_timer aes xsave avx f16c rdrand lahf_lm abm ida arat epb xsaveopt pln pts dtherm tpr_shadow vnmi flexpriority ept vpid fsgsbase tsc_adjust bmi1 hle avx2 smep bmi2 erms invpcid rtm
bogomips	: 5986.24
clflush size	: 64
cache_alignment	: 64
address sizes	: 39 bits physical, 48 bits virtual
power management:

processor	: 1
vendor_id	: GenuineIntel
cpu family	: 6
model		: 60
model name	: Intel(R) Core(TM) i7-4610M CPU @ 3.00GHz
stepping	: 3
microcode	: 0x17
cpu MHz		: 1000.000
cache size	: 4096 KB
physical id	: 0
siblings	: 4
core id		: 1
cpu cores	: 2
apicid		: 2
initial apicid	: 2
fpu		: yes
fpu_exception	: yes
cpuid level	: 13
wp		: yes
flags		: fpu vme de pse tsc msr pae mce cx8 apic sep mtrr pge mca cmov pat pse36 clflush dts acpi mmx fxsr sse sse2 ss ht tm pbe syscall nx pdpe1gb rdtscp lm constant_tsc arch_perfmon pebs bts rep_good nopl xtopology nonstop_tsc aperfmperf eagerfpu pni pclmulqdq dtes64 monitor ds_cpl vmx smx est tm2 ssse3 fma cx16 xtpr pdcm pcid sse4_1 sse4_2 x2apic movbe popcnt tsc_deadline_timer aes xsave avx f16c rdrand lahf_lm abm ida arat epb xsaveopt pln pts dtherm tpr_shadow vnmi flexpriority ept vpid fsgsbase tsc_adjust bmi1 hle avx2 smep bmi2 erms invpcid rtm
bogomips	: 5986.24
clflush size	: 64
cache_alignment	: 64
address sizes	: 39 bits physical, 48 bits virtual
power management:

processor	: 2
vendor_id	: GenuineIntel
cpu family	: 6
model		: 60
model name	: Intel(R) Core(TM) i7-4610M CPU @ 3.00GHz
stepping	: 3
microcode	: 0x17
cpu MHz		: 1000.000
cache size	: 4096 KB
physical id	: 0
siblings	: 4
core id		: 0
cpu cores	: 2
apicid		: 1
initial apicid	: 1
fpu		: yes
fpu_exception	: yes
cpuid level	: 13
wp		: yes
flags		: fpu vme de pse tsc msr pae mce cx8 apic sep mtrr pge mca cmov pat pse36 clflush dts acpi mmx fxsr sse sse2 ss ht tm pbe syscall nx pdpe1gb rdtscp lm constant_tsc arch_perfmon pebs bts rep_good nopl xtopology nonstop_tsc aperfmperf eagerfpu pni pclmulqdq dtes64 monitor ds_cpl vmx smx est tm2 ssse3 fma cx16 xtpr pdcm pcid sse4_1 sse4_2 x2apic movbe popcnt tsc_deadline_timer aes xsave avx f16c rdrand lahf_lm abm ida arat epb xsaveopt pln pts dtherm tpr_shadow vnmi flexpriority ept vpid fsgsbase tsc_adjust bmi1 hle avx2 smep bmi2 erms invpcid rtm
bogomips	: 5986.24
clflush size	: 64
cache_alignment	: 64
address sizes	: 39 bits physical, 48 bits virtual
power management:

processor	: 3
vendor_id	: GenuineIntel
cpu family	: 6
model		: 60
model name	: Intel(R) Core(TM) i7-4610M CPU @ 3.00GHz
stepping	: 3
microcode	: 0x17
cpu MHz		: 1000.000
cache size	: 4096 KB
physical id	: 0
siblings	: 4
core id		: 1
cpu cores	: 2
apicid		: 3
initial apicid	: 3
fpu		: yes
fpu_exception	: yes
cpuid level	: 13
wp		: yes
flags		: fpu vme de pse tsc msr pae mce cx8 apic sep mtrr pge mca cmov pat pse36 clflush dts acpi mmx fxsr sse sse2 ss ht tm pbe syscall nx pdpe1gb rdtscp lm constant_tsc arch_perfmon pebs bts rep_good nopl xtopology nonstop_tsc aperfmperf eagerfpu pni pclmulqdq dtes64 monitor ds_cpl vmx smx est tm2 ssse3 fma cx16 xtpr pdcm pcid sse4_1 sse4_2 x2apic movbe popcnt tsc_deadline_timer aes xsave avx f16c rdrand lahf_lm abm ida arat epb xsaveopt pln pts dtherm tpr_shadow vnmi flexpriority ept vpid fsgsbase tsc_adjust bmi1 hle avx2 smep bmi2 erms invpcid rtm
bogomips	: 5986.24
clflush size	: 64
cache_alignment	: 64
address sizes	: 39 bits physical, 48 bits virtual
power management:



Memory: 4k page, physical 8080200k(2072880k free), swap 7812092k(6782368k free)

vm_info: Java HotSpot(TM) 64-Bit Server VM (25.66-b17) for linux-amd64 JRE (1.8.0_66-b17), built on Oct  6 2015 17:28:34 by "java_re" with gcc 4.3.0 20080428 (Red Hat 4.3.0-8)

time: Fri Dec  4 14:18:57 2015
elapsed time: 1 seconds (0d 0h 0m 1s)

