#
# A fatal error has been detected by the Java Runtime Environment:
#
#  SIGSEGV (0xb) at pc=0x00007fe61e4cc46b, pid=9953, tid=140626964264704
#
# JRE version: Java(TM) SE Runtime Environment (8.0_66-b17) (build 1.8.0_66-b17)
# Java VM: Java HotSpot(TM) 64-Bit Server VM (25.66-b17 mixed mode linux-amd64 compressed oops)
# Problematic frame:
# C  [librocksdbjni2811174769210348820..so+0x1fa46b]  rocksdb::MergingIterator::value() const+0xb
#
# Failed to write core dump. Core dumps have been disabled. To enable core dumping, try "ulimit -c unlimited" before starting Java again
#
# If you would like to submit a bug report, please visit:
#   http://bugreport.java.com/bugreport/crash.jsp
# The crash happened outside the Java Virtual Machine in native code.
# See problematic frame for where to report the bug.
#

---------------  T H R E A D  ---------------

Current thread (0x00007fe63c00b000):  JavaThread "main" [_thread_in_native, id=9960, stack(0x00007fe644303000,0x00007fe644404000)]

siginfo: si_signo: 11 (SIGSEGV), si_code: 1 (SEGV_MAPERR), si_addr: 0x0000000000000000

Registers:
RAX=0x0000000000000000, RBX=0x00007fe63c00b1f8, RCX=0x00000000d7527610, RDX=0x00007fe63c3b9b20
RSP=0x00007fe644401770, RBP=0x00007fe644401770, RSI=0x00007fe6444017d0, RDI=0x00007fe63c3b9c30
R8 =0x00007fe63c3b9be8, R9 =0x0000000000000000, R10=0x00007fe62d1d04b8, R11=0x00007fe62d1d2660
R12=0x0000000000000000, R13=0x00007fe644401870, R14=0x0000000000000000, R15=0x00007fe63c00b000
RIP=0x00007fe61e4cc46b, EFLAGS=0x0000000000010246, CSGSFS=0x0000000000000033, ERR=0x0000000000000004
  TRAPNO=0x000000000000000e

Top of Stack: (sp=0x00007fe644401770)
0x00007fe644401770:   00007fe644401780 00007fe61e45c10e
0x00007fe644401780:   00007fe644401790 00007fe61e45c06e
0x00007fe644401790:   00007fe6444017c0 00007fe61e3dabb7
0x00007fe6444017a0:   00007fe62cca1810 0000000000000000
0x00007fe6444017b0:   00007fe644401870 0000000000000000
0x00007fe6444017c0:   00007fe644401810 00007fe62d1d0528
0x00007fe6444017d0:   00000000d7527610 00000000d7527610
0x00007fe6444017e0:   00007fe644401810 00007fe644401810
0x00007fe6444017f0:   00007fe62cca0948 00007fe62cca0948
0x00007fe644401800:   00000000d7527610 00007fe62cca0948
0x00007fe644401810:   00007fe6444018b8 00007fe62d1d26cc
0x00007fe644401820:   ffffffffffffffff 00007fe62cca0948
0x00007fe644401830:   00000000d7f5b068 00007fe62cca1158
0x00007fe644401840:   00000000d7f5b068 00007fe62cca0948
0x00007fe644401850:   00007fe6444018b8 00007fe62d0079d0
0x00007fe644401860:   00007fe6444018b8 00007fe62d0079d0
0x00007fe644401870:   00000000d7527610 00007fe644401878
0x00007fe644401880:   00007fe62cc0cf58 00007fe644401930
0x00007fe644401890:   00007fe62cc2daa8 0000000000000000
0x00007fe6444018a0:   00007fe62cc0d080 00007fe644401870
0x00007fe6444018b0:   00007fe644401930 00007fe644401978
0x00007fe6444018c0:   00007fe62d007c4d 00000000000003e7
0x00007fe6444018d0:   00000000d7f5a248 00000000d7f5b098
0x00007fe6444018e0:   00000000009e3400 00000000d7527610
0x00007fe6444018f0:   00000000000003e7 00000000d75128e8
0x00007fe644401900:   00000000d750bed8 00000000d74f7438
0x00007fe644401910:   00000000d74f7340 00000000d74f72f0
0x00007fe644401920:   00000000d74f07f0 00000000d74cb7f0
0x00007fe644401930:   00000000d74037d0 00007fe644401938
0x00007fe644401940:   00007fe62cc0d1ac 00007fe6444019b8
0x00007fe644401950:   00007fe62cc2daa8 0000000000000000
0x00007fe644401960:   00007fe62cc0d230 00007fe644401930 

Instructions: (pc=0x00007fe61e4cc46b)
0x00007fe61e4cc44b:   c3 0f 1f 40 00 48 8b 87 d8 00 00 00 48 8b 50 18
0x00007fe61e4cc45b:   48 8b 40 10 c3 55 48 8b 87 d8 00 00 00 48 89 e5
0x00007fe61e4cc46b:   48 8b 38 48 8b 07 ff 50 48 5d c3 66 2e 0f 1f 84
0x00007fe61e4cc47b:   00 00 00 00 00 55 48 89 e5 41 57 41 56 49 89 f6 

Register to memory mapping:

RAX=0x0000000000000000 is an unknown value
RBX=0x00007fe63c00b1f8 is an unknown value
RCX=0x00000000d7527610 is an oop
org.rocksdb.RocksIterator 
 - klass: 'org/rocksdb/RocksIterator'
RDX=0x00007fe63c3b9b20 is an unknown value
RSP=0x00007fe644401770 is pointing into the stack for thread: 0x00007fe63c00b000
RBP=0x00007fe644401770 is pointing into the stack for thread: 0x00007fe63c00b000
RSI=0x00007fe6444017d0 is pointing into the stack for thread: 0x00007fe63c00b000
RDI=0x00007fe63c3b9c30 is an unknown value
R8 =0x00007fe63c3b9be8 is an unknown value
R9 =0x0000000000000000 is an unknown value
R10=0x00007fe62d1d04b8 is at entry_point+56 in (nmethod*)0x00007fe62d1d0310
R11=0x00007fe62d1d2660 is at entry_point+32 in (nmethod*)0x00007fe62d1d24d0
R12=0x0000000000000000 is an unknown value
R13=0x00007fe644401870 is pointing into the stack for thread: 0x00007fe63c00b000
R14=0x0000000000000000 is an unknown value
R15=0x00007fe63c00b000 is a thread


Stack: [0x00007fe644303000,0x00007fe644404000],  sp=0x00007fe644401770,  free space=1017k
Native frames: (J=compiled Java code, j=interpreted, Vv=VM code, C=native code)
C  [librocksdbjni2811174769210348820..so+0x1fa46b]  rocksdb::MergingIterator::value() const+0xb
C  [librocksdbjni2811174769210348820..so+0x18a10e]  rocksdb::DBIter::value() const+0x2e
C  [librocksdbjni2811174769210348820..so+0x18a06e]  rocksdb::ArenaWrappedDBIter::value() const+0xe
C  [librocksdbjni2811174769210348820..so+0x108bb7]  Java_org_rocksdb_RocksIterator_value0+0x17
J 301  org.rocksdb.RocksIterator.value0(J)[B (0 bytes) @ 0x00007fe62d1d0528 [0x00007fe62d1d0480+0xa8]
J 300 C1 org.rocksdb.RocksIterator.value()[B (30 bytes) @ 0x00007fe62d1d26cc [0x00007fe62d1d2640+0x8c]
j  org.yamcs.parameterarchive.TestStructure.scanParameters()V+168
j  org.yamcs.parameterarchive.TestStructure.testAllParamsInOneCf()V+100
v  ~StubRoutines::call_stub
V  [libjvm.so+0x68bc46]  JavaCalls::call_helper(JavaValue*, methodHandle*, JavaCallArguments*, Thread*)+0x1056
V  [libjvm.so+0x991bf7]  Reflection::invoke(instanceKlassHandle, methodHandle, Handle, bool, objArrayHandle, BasicType, objArrayHandle, bool, Thread*)+0x5d7
V  [libjvm.so+0x995307]  Reflection::invoke_method(oopDesc*, Handle, objArrayHandle, Thread*)+0x147
V  [libjvm.so+0x71a6db]  JVM_InvokeMethod+0x26b
j  sun.reflect.NativeMethodAccessorImpl.invoke0(Ljava/lang/reflect/Method;Ljava/lang/Object;[Ljava/lang/Object;)Ljava/lang/Object;+0
j  sun.reflect.NativeMethodAccessorImpl.invoke(Ljava/lang/Object;[Ljava/lang/Object;)Ljava/lang/Object;+100
j  sun.reflect.DelegatingMethodAccessorImpl.invoke(Ljava/lang/Object;[Ljava/lang/Object;)Ljava/lang/Object;+6
j  java.lang.reflect.Method.invoke(Ljava/lang/Object;[Ljava/lang/Object;)Ljava/lang/Object;+56
j  org.junit.runners.model.FrameworkMethod$1.runReflectiveCall()Ljava/lang/Object;+15
j  org.junit.internal.runners.model.ReflectiveCallable.run()Ljava/lang/Object;+1
j  org.junit.runners.model.FrameworkMethod.invokeExplosively(Ljava/lang/Object;[Ljava/lang/Object;)Ljava/lang/Object;+10
j  org.junit.internal.runners.statements.InvokeMethod.evaluate()V+12
j  org.junit.runners.BlockJUnit4ClassRunner.runNotIgnored(Lorg/junit/runners/model/FrameworkMethod;Lorg/junit/internal/runners/model/EachTestNotifier;)V+9
j  org.junit.runners.BlockJUnit4ClassRunner.runChild(Lorg/junit/runners/model/FrameworkMethod;Lorg/junit/runner/notification/RunNotifier;)V+28
j  org.junit.runners.BlockJUnit4ClassRunner.runChild(Ljava/lang/Object;Lorg/junit/runner/notification/RunNotifier;)V+6
j  org.junit.runners.ParentRunner$3.run()V+12
j  org.junit.runners.ParentRunner$1.schedule(Ljava/lang/Runnable;)V+1
j  org.junit.runners.ParentRunner.runChildren(Lorg/junit/runner/notification/RunNotifier;)V+40
j  org.junit.runners.ParentRunner.access$000(Lorg/junit/runners/ParentRunner;Lorg/junit/runner/notification/RunNotifier;)V+2
j  org.junit.runners.ParentRunner$2.evaluate()V+8
j  org.junit.runners.ParentRunner.run(Lorg/junit/runner/notification/RunNotifier;)V+20
j  org.eclipse.jdt.internal.junit4.runner.JUnit4TestReference.run(Lorg/eclipse/jdt/internal/junit/runner/TestExecution;)V+72
j  org.eclipse.jdt.internal.junit.runner.TestExecution.run([Lorg/eclipse/jdt/internal/junit/runner/ITestReference;)V+17
j  org.eclipse.jdt.internal.junit.runner.RemoteTestRunner.runTests([Ljava/lang/String;Ljava/lang/String;Lorg/eclipse/jdt/internal/junit/runner/TestExecution;)V+61
j  org.eclipse.jdt.internal.junit.runner.RemoteTestRunner.runTests(Lorg/eclipse/jdt/internal/junit/runner/TestExecution;)V+10
j  org.eclipse.jdt.internal.junit.runner.RemoteTestRunner.run()V+70
j  org.eclipse.jdt.internal.junit.runner.RemoteTestRunner.main([Ljava/lang/String;)V+14
v  ~StubRoutines::call_stub
V  [libjvm.so+0x68bc46]  JavaCalls::call_helper(JavaValue*, methodHandle*, JavaCallArguments*, Thread*)+0x1056
V  [libjvm.so+0x6cd262]  jni_invoke_static(JNIEnv_*, JavaValue*, _jobject*, JNICallType, _jmethodID*, JNI_ArgumentPusher*, Thread*)+0x362
V  [libjvm.so+0x6e9c6a]  jni_CallStaticVoidMethod+0x17a
C  [libjli.so+0x7bcc]  JavaMain+0x80c
C  [libpthread.so.0+0x8182]  start_thread+0xc2

Java frames: (J=compiled Java code, j=interpreted, Vv=VM code)
J 301  org.rocksdb.RocksIterator.value0(J)[B (0 bytes) @ 0x00007fe62d1d04b8 [0x00007fe62d1d0480+0x38]
J 300 C1 org.rocksdb.RocksIterator.value()[B (30 bytes) @ 0x00007fe62d1d26cc [0x00007fe62d1d2640+0x8c]
j  org.yamcs.parameterarchive.TestStructure.scanParameters()V+168
j  org.yamcs.parameterarchive.TestStructure.testAllParamsInOneCf()V+100
v  ~StubRoutines::call_stub
j  sun.reflect.NativeMethodAccessorImpl.invoke0(Ljava/lang/reflect/Method;Ljava/lang/Object;[Ljava/lang/Object;)Ljava/lang/Object;+0
j  sun.reflect.NativeMethodAccessorImpl.invoke(Ljava/lang/Object;[Ljava/lang/Object;)Ljava/lang/Object;+100
j  sun.reflect.DelegatingMethodAccessorImpl.invoke(Ljava/lang/Object;[Ljava/lang/Object;)Ljava/lang/Object;+6
j  java.lang.reflect.Method.invoke(Ljava/lang/Object;[Ljava/lang/Object;)Ljava/lang/Object;+56
j  org.junit.runners.model.FrameworkMethod$1.runReflectiveCall()Ljava/lang/Object;+15
j  org.junit.internal.runners.model.ReflectiveCallable.run()Ljava/lang/Object;+1
j  org.junit.runners.model.FrameworkMethod.invokeExplosively(Ljava/lang/Object;[Ljava/lang/Object;)Ljava/lang/Object;+10
j  org.junit.internal.runners.statements.InvokeMethod.evaluate()V+12
j  org.junit.runners.BlockJUnit4ClassRunner.runNotIgnored(Lorg/junit/runners/model/FrameworkMethod;Lorg/junit/internal/runners/model/EachTestNotifier;)V+9
j  org.junit.runners.BlockJUnit4ClassRunner.runChild(Lorg/junit/runners/model/FrameworkMethod;Lorg/junit/runner/notification/RunNotifier;)V+28
j  org.junit.runners.BlockJUnit4ClassRunner.runChild(Ljava/lang/Object;Lorg/junit/runner/notification/RunNotifier;)V+6
j  org.junit.runners.ParentRunner$3.run()V+12
j  org.junit.runners.ParentRunner$1.schedule(Ljava/lang/Runnable;)V+1
j  org.junit.runners.ParentRunner.runChildren(Lorg/junit/runner/notification/RunNotifier;)V+40
j  org.junit.runners.ParentRunner.access$000(Lorg/junit/runners/ParentRunner;Lorg/junit/runner/notification/RunNotifier;)V+2
j  org.junit.runners.ParentRunner$2.evaluate()V+8
j  org.junit.runners.ParentRunner.run(Lorg/junit/runner/notification/RunNotifier;)V+20
j  org.eclipse.jdt.internal.junit4.runner.JUnit4TestReference.run(Lorg/eclipse/jdt/internal/junit/runner/TestExecution;)V+72
j  org.eclipse.jdt.internal.junit.runner.TestExecution.run([Lorg/eclipse/jdt/internal/junit/runner/ITestReference;)V+17
j  org.eclipse.jdt.internal.junit.runner.RemoteTestRunner.runTests([Ljava/lang/String;Ljava/lang/String;Lorg/eclipse/jdt/internal/junit/runner/TestExecution;)V+61
j  org.eclipse.jdt.internal.junit.runner.RemoteTestRunner.runTests(Lorg/eclipse/jdt/internal/junit/runner/TestExecution;)V+10
j  org.eclipse.jdt.internal.junit.runner.RemoteTestRunner.run()V+70
j  org.eclipse.jdt.internal.junit.runner.RemoteTestRunner.main([Ljava/lang/String;)V+14
v  ~StubRoutines::call_stub

---------------  P R O C E S S  ---------------

Java Threads: ( => current thread )
  0x00007fe63c23b800 JavaThread "ReaderThread" [_thread_in_native, id=9974, stack(0x00007fe61ea42000,0x00007fe61eb43000)]
  0x00007fe63c0db800 JavaThread "Service Thread" daemon [_thread_blocked, id=9972, stack(0x00007fe61ef29000,0x00007fe61f02a000)]
  0x00007fe63c0be000 JavaThread "C1 CompilerThread2" daemon [_thread_blocked, id=9971, stack(0x00007fe61f02a000,0x00007fe61f12b000)]
  0x00007fe63c0bc800 JavaThread "C2 CompilerThread1" daemon [_thread_blocked, id=9970, stack(0x00007fe61f12b000,0x00007fe61f22c000)]
  0x00007fe63c0b9800 JavaThread "C2 CompilerThread0" daemon [_thread_blocked, id=9969, stack(0x00007fe61f22c000,0x00007fe61f32d000)]
  0x00007fe63c0b8000 JavaThread "Signal Dispatcher" daemon [_thread_blocked, id=9968, stack(0x00007fe61f32d000,0x00007fe61f42e000)]
  0x00007fe63c080000 JavaThread "Finalizer" daemon [_thread_blocked, id=9967, stack(0x00007fe61f6f7000,0x00007fe61f7f8000)]
  0x00007fe63c07e000 JavaThread "Reference Handler" daemon [_thread_blocked, id=9966, stack(0x00007fe61f7f8000,0x00007fe61f8f9000)]
=>0x00007fe63c00b000 JavaThread "main" [_thread_in_native, id=9960, stack(0x00007fe644303000,0x00007fe644404000)]

Other Threads:
  0x00007fe63c079000 VMThread [stack: 0x00007fe61f8f9000,0x00007fe61f9fa000] [id=9965]
  0x00007fe63c0ee800 WatcherThread [stack: 0x00007fe61ee28000,0x00007fe61ef29000] [id=9973]

VM state:not at safepoint (normal execution)

VM Mutex/Monitor currently owned by a thread: None

Heap:
 PSYoungGen      total 36864K, used 17851K [0x00000000d6e00000, 0x00000000d9700000, 0x0000000100000000)
  eden space 31744K, 56% used [0x00000000d6e00000,0x00000000d7f6ec88,0x00000000d8d00000)
  from space 5120K, 0% used [0x00000000d9200000,0x00000000d9200000,0x00000000d9700000)
  to   space 5120K, 0% used [0x00000000d8d00000,0x00000000d8d00000,0x00000000d9200000)
 ParOldGen       total 84992K, used 0K [0x0000000084a00000, 0x0000000089d00000, 0x00000000d6e00000)
  object space 84992K, 0% used [0x0000000084a00000,0x0000000084a00000,0x0000000089d00000)
 Metaspace       used 5304K, capacity 5412K, committed 5632K, reserved 1056768K
  class space    used 614K, capacity 656K, committed 768K, reserved 1048576K

Card table byte_map: [0x00007fe640cf9000,0x00007fe6410d5000] byte_map_base: 0x00007fe6408d4000

Marking Bits: (ParMarkBitMap*) 0x00007fe6437e4020
 Begin Bits: [0x00007fe624250000, 0x00007fe626128000)
 End Bits:   [0x00007fe626128000, 0x00007fe628000000)

Polling page: 0x00007fe64442b000

CodeCache: size=245760Kb used=1865Kb max_used=1876Kb free=243894Kb
 bounds [0x00007fe62d000000, 0x00007fe62d270000, 0x00007fe63c000000]
 total_blobs=618 nmethods=306 adapters=226
 compilation: enabled

Compilation events (10 events):
Event: 2.842 Thread 0x00007fe63c0be000  300       3       org.rocksdb.RocksIterator::value (30 bytes)
Event: 2.842 Thread 0x00007fe63c0be000 nmethod 300 0x00007fe62d1d24d0 code [0x00007fe62d1d2640, 0x00007fe62d1d27e8]
Event: 2.842 Thread 0x00007fe63c0be000  302       3       org.rocksdb.AbstractRocksIterator::next (30 bytes)
Event: 2.842 Thread 0x00007fe63c0be000 nmethod 302 0x00007fe62d1d2890 code [0x00007fe62d1d2a00, 0x00007fe62d1d2c28]
Event: 2.842 Thread 0x00007fe63c0be000  304       3       java.nio.Bits::makeInt (29 bytes)
Event: 2.842 Thread 0x00007fe63c0be000 nmethod 304 0x00007fe62d1d2cd0 code [0x00007fe62d1d2e20, 0x00007fe62d1d2f70]
Event: 2.860 Thread 0x00007fe63c0b9800  305       4       java.nio.Bits::makeInt (29 bytes)
Event: 2.861 Thread 0x00007fe63c0b9800 nmethod 305 0x00007fe62d1d5c50 code [0x00007fe62d1d5d80, 0x00007fe62d1d5dd8]
Event: 2.862 Thread 0x00007fe63c0bc800  306       4       java.nio.Buffer::position (43 bytes)
Event: 2.863 Thread 0x00007fe63c0bc800 nmethod 306 0x00007fe62d1d4450 code [0x00007fe62d1d45a0, 0x00007fe62d1d4678]

GC Heap History (0 events):
No events

Deoptimization events (3 events):
Event: 0.597 Thread 0x00007fe63c00b000 Uncommon trap: reason=unstable_if action=reinterpret pc=0x00007fe62d127784 method=java.lang.String.indexOf(II)I @ 49
Event: 0.954 Thread 0x00007fe63c00b000 Uncommon trap: reason=unstable_if action=reinterpret pc=0x00007fe62d1642cc method=java.lang.String.indexOf([CII[CIII)I @ 3
Event: 0.967 Thread 0x00007fe63c00b000 Uncommon trap: reason=unstable_if action=reinterpret pc=0x00007fe62d13a0d0 method=java.lang.String.indexOf([CII[CIII)I @ 123

Internal exceptions (6 events):
Event: 0.239 Thread 0x00007fe63c00b000 Exception <a 'java/lang/NoSuchMethodError': Method sun.misc.Unsafe.defineClass(Ljava/lang/String;[BII)Ljava/lang/Class; name or signature does not match> (0x00000000d6e12b98) thrown at [/HUDSON/workspace/8-2-build-linux-amd64/jdk8u66/4988/hotspot/src/shar
Event: 0.239 Thread 0x00007fe63c00b000 Exception <a 'java/lang/NoSuchMethodError': Method sun.misc.Unsafe.prefetchRead(Ljava/lang/Object;J)V name or signature does not match> (0x00000000d6e12e80) thrown at [/HUDSON/workspace/8-2-build-linux-amd64/jdk8u66/4988/hotspot/src/share/vm/prims/jni.cpp
Event: 0.722 Thread 0x00007fe63c00b000 Exception <a 'java/security/PrivilegedActionException'> (0x00000000d71f0400) thrown at [/HUDSON/workspace/8-2-build-linux-amd64/jdk8u66/4988/hotspot/src/share/vm/prims/jvm.cpp, line 1386]
Event: 0.722 Thread 0x00007fe63c00b000 Exception <a 'java/security/PrivilegedActionException'> (0x00000000d71f07f8) thrown at [/HUDSON/workspace/8-2-build-linux-amd64/jdk8u66/4988/hotspot/src/share/vm/prims/jvm.cpp, line 1386]
Event: 0.722 Thread 0x00007fe63c00b000 Exception <a 'java/security/PrivilegedActionException'> (0x00000000d71f3008) thrown at [/HUDSON/workspace/8-2-build-linux-amd64/jdk8u66/4988/hotspot/src/share/vm/prims/jvm.cpp, line 1386]
Event: 0.722 Thread 0x00007fe63c00b000 Exception <a 'java/security/PrivilegedActionException'> (0x00000000d71f3400) thrown at [/HUDSON/workspace/8-2-build-linux-amd64/jdk8u66/4988/hotspot/src/share/vm/prims/jvm.cpp, line 1386]

Events (10 events):
Event: 1.157 loading class org/rocksdb/DBOptions
Event: 1.157 loading class org/rocksdb/DBOptions done
Event: 2.433 loading class org/rocksdb/ColumnFamilyHandle
Event: 2.433 loading class org/rocksdb/ColumnFamilyHandle done
Event: 2.434 loading class org/rocksdb/RocksIterator
Event: 2.434 loading class org/rocksdb/RocksIterator done
Event: 2.435 loading class org/rocksdb/AbstractRocksIterator
Event: 2.435 loading class org/rocksdb/AbstractRocksIterator done
Event: 2.435 loading class org/rocksdb/RocksIteratorInterface
Event: 2.435 loading class org/rocksdb/RocksIteratorInterface done


Dynamic libraries:
00400000-00401000 r-xp 00000000 08:01 8533428                            /usr/lib/jvm/java-8-oracle/bin/java
00600000-00601000 rw-p 00000000 08:01 8533428                            /usr/lib/jvm/java-8-oracle/bin/java
0248d000-024ae000 rw-p 00000000 00:00 0                                  [heap]
84a00000-89d00000 rw-p 00000000 00:00 0 
89d00000-d6e00000 ---p 00000000 00:00 0 
d6e00000-d9700000 rw-p 00000000 00:00 0 
d9700000-100000000 ---p 00000000 00:00 0 
100000000-1000c0000 rw-p 00000000 00:00 0 
1000c0000-140000000 ---p 00000000 00:00 0 
7fe5e8000000-7fe5e8021000 rw-p 00000000 00:00 0 
7fe5e8021000-7fe5ec000000 ---p 00000000 00:00 0 
7fe5ec000000-7fe5eca60000 rw-p 00000000 00:00 0 
7fe5eca60000-7fe5f0000000 ---p 00000000 00:00 0 
7fe5f0000000-7fe5f0021000 rw-p 00000000 00:00 0 
7fe5f0021000-7fe5f4000000 ---p 00000000 00:00 0 
7fe5f4000000-7fe5f4021000 rw-p 00000000 00:00 0 
7fe5f4021000-7fe5f8000000 ---p 00000000 00:00 0 
7fe5f8000000-7fe5f8068000 rw-p 00000000 00:00 0 
7fe5f8068000-7fe5fc000000 ---p 00000000 00:00 0 
7fe5fc000000-7fe5fc1e5000 rw-p 00000000 00:00 0 
7fe5fc1e5000-7fe600000000 ---p 00000000 00:00 0 
7fe600000000-7fe600021000 rw-p 00000000 00:00 0 
7fe600021000-7fe604000000 ---p 00000000 00:00 0 
7fe604000000-7fe6040af000 rw-p 00000000 00:00 0 
7fe6040af000-7fe608000000 ---p 00000000 00:00 0 
7fe608000000-7fe608021000 rw-p 00000000 00:00 0 
7fe608021000-7fe60c000000 ---p 00000000 00:00 0 
7fe60c000000-7fe60c021000 rw-p 00000000 00:00 0 
7fe60c021000-7fe610000000 ---p 00000000 00:00 0 
7fe610000000-7fe610021000 rw-p 00000000 00:00 0 
7fe610021000-7fe614000000 ---p 00000000 00:00 0 
7fe614000000-7fe614021000 rw-p 00000000 00:00 0 
7fe614021000-7fe618000000 ---p 00000000 00:00 0 
7fe618000000-7fe618021000 rw-p 00000000 00:00 0 
7fe618021000-7fe61c000000 ---p 00000000 00:00 0 
7fe61d225000-7fe61d593000 rw-p 00000000 00:00 0 
7fe61d593000-7fe61d594000 ---p 00000000 00:00 0 
7fe61d594000-7fe61dd94000 rw-p 00000000 00:00 0                          [stack:9975]
7fe61dd94000-7fe61ddaa000 r-xp 00000000 08:01 7864338                    /lib/x86_64-linux-gnu/libgcc_s.so.1
7fe61ddaa000-7fe61dfa9000 ---p 00016000 08:01 7864338                    /lib/x86_64-linux-gnu/libgcc_s.so.1
7fe61dfa9000-7fe61dfaa000 rw-p 00015000 08:01 7864338                    /lib/x86_64-linux-gnu/libgcc_s.so.1
7fe61dfaa000-7fe61e090000 r-xp 00000000 08:01 7344359                    /usr/lib/x86_64-linux-gnu/libstdc++.so.6.0.19
7fe61e090000-7fe61e28f000 ---p 000e6000 08:01 7344359                    /usr/lib/x86_64-linux-gnu/libstdc++.so.6.0.19
7fe61e28f000-7fe61e297000 r--p 000e5000 08:01 7344359                    /usr/lib/x86_64-linux-gnu/libstdc++.so.6.0.19
7fe61e297000-7fe61e299000 rw-p 000ed000 08:01 7344359                    /usr/lib/x86_64-linux-gnu/libstdc++.so.6.0.19
7fe61e299000-7fe61e2ae000 rw-p 00000000 00:00 0 
7fe61e2d2000-7fe61e61a000 r-xp 00000000 08:01 5767666                    /tmp/librocksdbjni2811174769210348820..so
7fe61e61a000-7fe61e819000 ---p 00348000 08:01 5767666                    /tmp/librocksdbjni2811174769210348820..so
7fe61e819000-7fe61e82c000 rw-p 00347000 08:01 5767666                    /tmp/librocksdbjni2811174769210348820..so
7fe61e82c000-7fe61e831000 rw-p 00000000 00:00 0 
7fe61e831000-7fe61e842000 r-xp 00000000 08:01 8664339                    /usr/lib/jvm/java-8-oracle/jre/lib/amd64/libnio.so
7fe61e842000-7fe61ea41000 ---p 00011000 08:01 8664339                    /usr/lib/jvm/java-8-oracle/jre/lib/amd64/libnio.so
7fe61ea41000-7fe61ea42000 rw-p 00010000 08:01 8664339                    /usr/lib/jvm/java-8-oracle/jre/lib/amd64/libnio.so
7fe61ea42000-7fe61ea45000 ---p 00000000 00:00 0 
7fe61ea45000-7fe61eb74000 rw-p 00000000 00:00 0                          [stack:9974]
7fe61eb74000-7fe61eb8a000 r-xp 00000000 08:01 8664297                    /usr/lib/jvm/java-8-oracle/jre/lib/amd64/libnet.so
7fe61eb8a000-7fe61ed8a000 ---p 00016000 08:01 8664297                    /usr/lib/jvm/java-8-oracle/jre/lib/amd64/libnet.so
7fe61ed8a000-7fe61ed8b000 rw-p 00016000 08:01 8664297                    /usr/lib/jvm/java-8-oracle/jre/lib/amd64/libnet.so
7fe61ed8b000-7fe61ee28000 r--s 00d11000 08:01 6553852                    /home/nm/.m2/repository/org/python/jython-standalone/2.5.3/jython-standalone-2.5.3.jar
7fe61ee28000-7fe61ee29000 ---p 00000000 00:00 0 
7fe61ee29000-7fe61ef29000 rw-p 00000000 00:00 0                          [stack:9973]
7fe61ef29000-7fe61ef2c000 ---p 00000000 00:00 0 
7fe61ef2c000-7fe61f02a000 rw-p 00000000 00:00 0                          [stack:9972]
7fe61f02a000-7fe61f02d000 ---p 00000000 00:00 0 
7fe61f02d000-7fe61f12b000 rw-p 00000000 00:00 0                          [stack:9971]
7fe61f12b000-7fe61f12e000 ---p 00000000 00:00 0 
7fe61f12e000-7fe61f22c000 rw-p 00000000 00:00 0                          [stack:9970]
7fe61f22c000-7fe61f22f000 ---p 00000000 00:00 0 
7fe61f22f000-7fe61f32d000 rw-p 00000000 00:00 0                          [stack:9969]
7fe61f32d000-7fe61f330000 ---p 00000000 00:00 0 
7fe61f330000-7fe61f42e000 rw-p 00000000 00:00 0                          [stack:9968]
7fe61f42e000-7fe61f6f7000 r--p 00000000 08:01 7340172                    /usr/lib/locale/locale-archive
7fe61f6f7000-7fe61f6fa000 ---p 00000000 00:00 0 
7fe61f6fa000-7fe61f7f8000 rw-p 00000000 00:00 0                          [stack:9967]
7fe61f7f8000-7fe61f7fb000 ---p 00000000 00:00 0 
7fe61f7fb000-7fe61f8f9000 rw-p 00000000 00:00 0                          [stack:9966]
7fe61f8f9000-7fe61f8fa000 ---p 00000000 00:00 0 
7fe61f8fa000-7fe620000000 rw-p 00000000 00:00 0                          [stack:9965]
7fe620000000-7fe620021000 rw-p 00000000 00:00 0 
7fe620021000-7fe624000000 ---p 00000000 00:00 0 
7fe624004000-7fe624008000 rw-p 00000000 00:00 0 
7fe624008000-7fe62400d000 r--s 00096000 08:01 8664452                    /usr/lib/jvm/java-8-oracle/jre/lib/jsse.jar
7fe62400d000-7fe624038000 r--s 001fc000 08:01 7362587                    /home/nm/.m2/repository/com/google/guava/guava/18.0/guava-18.0.jar
7fe624038000-7fe62404e000 r--s 001e6000 08:01 7865056                    /home/nm/.m2/repository/org/jgroups/jgroups/3.3.4.Final/jgroups-3.3.4.Final.jar
7fe62404e000-7fe628000000 rw-p 00000000 00:00 0 
7fe628000000-7fe628021000 rw-p 00000000 00:00 0 
7fe628021000-7fe62c000000 ---p 00000000 00:00 0 
7fe62c000000-7fe62c003000 r--s 00404000 08:01 7740766                    /home/nm/.m2/repository/org/rocksdb/rocksdbjni/3.13.1/rocksdbjni-3.13.1.jar
7fe62c003000-7fe62c004000 r--s 00006000 08:01 6553846                    /home/nm/.m2/repository/tokyocabinet/tokyocabinet/1.18/tokyocabinet-1.18.jar
7fe62c004000-7fe62c00e000 r--s 00081000 08:01 6819182                    /home/nm/.m2/repository/org/hornetq/hornetq-core-client/2.4.6.Final/hornetq-core-client-2.4.6.Final.jar
7fe62c00e000-7fe62c012000 r--s 0002a000 08:01 7865062                    /home/nm/.m2/repository/org/hornetq/hornetq-journal/2.4.6.Final/hornetq-journal-2.4.6.Final.jar
7fe62c012000-7fe62c016000 r--s 00019000 08:01 7865059                    /home/nm/.m2/repository/org/hornetq/hornetq-commons/2.4.6.Final/hornetq-commons-2.4.6.Final.jar
7fe62c016000-7fe62c018000 r--s 0000d000 08:01 11934257                   /home/nm/.m2/repository/org/jboss/logging/jboss-logging/3.1.0.GA/jboss-logging-3.1.0.GA.jar
7fe62c018000-7fe62c027000 r--s 000ea000 08:01 7865078                    /home/nm/.m2/repository/org/hornetq/hornetq-server/2.4.6.Final/hornetq-server-2.4.6.Final.jar
7fe62c027000-7fe62c02e000 r--s 00053000 08:01 6424100                    /home/nm/.m2/repository/log4j/log4j/1.2.14/log4j-1.2.14.jar
7fe62c02e000-7fe62c047000 r--s 0014f000 08:01 7865069                    /home/nm/.m2/repository/io/netty/netty-all/4.0.13.Final/netty-all-4.0.13.Final.jar
7fe62c047000-7fe62ccc0000 rw-p 00000000 00:00 0 
7fe62ccc0000-7fe62d000000 ---p 00000000 00:00 0 
7fe62d000000-7fe62d270000 rwxp 00000000 00:00 0 
7fe62d270000-7fe63c000000 ---p 00000000 00:00 0 
7fe63c000000-7fe63d8fb000 rw-p 00000000 00:00 0 
7fe63d8fb000-7fe640000000 ---p 00000000 00:00 0 
7fe640000000-7fe640001000 r--s 00009000 08:01 7865065                    /home/nm/.m2/repository/org/hornetq/hornetq-native/2.4.6.Final/hornetq-native-2.4.6.Final.jar
7fe640001000-7fe64000d000 r--s 000aa000 08:01 6424097                    /home/nm/.m2/repository/net/sourceforge/jexcelapi/jxl/2.6.10/jxl-2.6.10.jar
7fe64000d000-7fe640018000 r--s 00067000 08:01 6553839                    /home/nm/.m2/repository/janino/janino/2.5.15/janino-2.5.15.jar
7fe640018000-7fe640039000 rw-p 00000000 00:00 0 
7fe640039000-7fe640212000 r--s 03d20000 08:01 8664350                    /usr/lib/jvm/java-8-oracle/jre/lib/rt.jar
7fe640212000-7fe640663000 rw-p 00000000 00:00 0 
7fe640663000-7fe640664000 ---p 00000000 00:00 0 
7fe640664000-7fe640764000 rw-p 00000000 00:00 0                          [stack:9964]
7fe640764000-7fe640765000 ---p 00000000 00:00 0 
7fe640765000-7fe640865000 rw-p 00000000 00:00 0                          [stack:9963]
7fe640865000-7fe640866000 ---p 00000000 00:00 0 
7fe640866000-7fe640966000 rw-p 00000000 00:00 0                          [stack:9962]
7fe640966000-7fe640967000 ---p 00000000 00:00 0 
7fe640967000-7fe640a91000 rw-p 00000000 00:00 0                          [stack:9961]
7fe640a91000-7fe640cf9000 ---p 00000000 00:00 0 
7fe640cf9000-7fe640d23000 rw-p 00000000 00:00 0 
7fe640d23000-7fe640f8b000 ---p 00000000 00:00 0 
7fe640f8b000-7fe640fa0000 rw-p 00000000 00:00 0 
7fe640fa0000-7fe6410d4000 ---p 00000000 00:00 0 
7fe6410d4000-7fe6410df000 rw-p 00000000 00:00 0 
7fe6410df000-7fe641495000 ---p 00000000 00:00 0 
7fe641495000-7fe6414af000 r-xp 00000000 08:01 8664289                    /usr/lib/jvm/java-8-oracle/jre/lib/amd64/libzip.so
7fe6414af000-7fe6416af000 ---p 0001a000 08:01 8664289                    /usr/lib/jvm/java-8-oracle/jre/lib/amd64/libzip.so
7fe6416af000-7fe6416b0000 rw-p 0001a000 08:01 8664289                    /usr/lib/jvm/java-8-oracle/jre/lib/amd64/libzip.so
7fe6416b0000-7fe6416bb000 r-xp 00000000 08:01 7868033                    /lib/x86_64-linux-gnu/libnss_files-2.19.so
7fe6416bb000-7fe6418ba000 ---p 0000b000 08:01 7868033                    /lib/x86_64-linux-gnu/libnss_files-2.19.so
7fe6418ba000-7fe6418bb000 r--p 0000a000 08:01 7868033                    /lib/x86_64-linux-gnu/libnss_files-2.19.so
7fe6418bb000-7fe6418bc000 rw-p 0000b000 08:01 7868033                    /lib/x86_64-linux-gnu/libnss_files-2.19.so
7fe6418bc000-7fe6418c7000 r-xp 00000000 08:01 7868071                    /lib/x86_64-linux-gnu/libnss_nis-2.19.so
7fe6418c7000-7fe641ac6000 ---p 0000b000 08:01 7868071                    /lib/x86_64-linux-gnu/libnss_nis-2.19.so
7fe641ac6000-7fe641ac7000 r--p 0000a000 08:01 7868071                    /lib/x86_64-linux-gnu/libnss_nis-2.19.so
7fe641ac7000-7fe641ac8000 rw-p 0000b000 08:01 7868071                    /lib/x86_64-linux-gnu/libnss_nis-2.19.so
7fe641ac8000-7fe641adf000 r-xp 00000000 08:01 7868051                    /lib/x86_64-linux-gnu/libnsl-2.19.so
7fe641adf000-7fe641cde000 ---p 00017000 08:01 7868051                    /lib/x86_64-linux-gnu/libnsl-2.19.so
7fe641cde000-7fe641cdf000 r--p 00016000 08:01 7868051                    /lib/x86_64-linux-gnu/libnsl-2.19.so
7fe641cdf000-7fe641ce0000 rw-p 00017000 08:01 7868051                    /lib/x86_64-linux-gnu/libnsl-2.19.so
7fe641ce0000-7fe641ce2000 rw-p 00000000 00:00 0 
7fe641ce2000-7fe641ceb000 r-xp 00000000 08:01 7868049                    /lib/x86_64-linux-gnu/libnss_compat-2.19.so
7fe641ceb000-7fe641eea000 ---p 00009000 08:01 7868049                    /lib/x86_64-linux-gnu/libnss_compat-2.19.so
7fe641eea000-7fe641eeb000 r--p 00008000 08:01 7868049                    /lib/x86_64-linux-gnu/libnss_compat-2.19.so
7fe641eeb000-7fe641eec000 rw-p 00009000 08:01 7868049                    /lib/x86_64-linux-gnu/libnss_compat-2.19.so
7fe641eec000-7fe641f16000 r-xp 00000000 08:01 8664344                    /usr/lib/jvm/java-8-oracle/jre/lib/amd64/libjava.so
7fe641f16000-7fe642116000 ---p 0002a000 08:01 8664344                    /usr/lib/jvm/java-8-oracle/jre/lib/amd64/libjava.so
7fe642116000-7fe642118000 rw-p 0002a000 08:01 8664344                    /usr/lib/jvm/java-8-oracle/jre/lib/amd64/libjava.so
7fe642118000-7fe642125000 r-xp 00000000 08:01 8664336                    /usr/lib/jvm/java-8-oracle/jre/lib/amd64/libverify.so
7fe642125000-7fe642325000 ---p 0000d000 08:01 8664336                    /usr/lib/jvm/java-8-oracle/jre/lib/amd64/libverify.so
7fe642325000-7fe642327000 rw-p 0000d000 08:01 8664336                    /usr/lib/jvm/java-8-oracle/jre/lib/amd64/libverify.so
7fe642327000-7fe64232e000 r-xp 00000000 08:01 7868067                    /lib/x86_64-linux-gnu/librt-2.19.so
7fe64232e000-7fe64252d000 ---p 00007000 08:01 7868067                    /lib/x86_64-linux-gnu/librt-2.19.so
7fe64252d000-7fe64252e000 r--p 00006000 08:01 7868067                    /lib/x86_64-linux-gnu/librt-2.19.so
7fe64252e000-7fe64252f000 rw-p 00007000 08:01 7868067                    /lib/x86_64-linux-gnu/librt-2.19.so
7fe64252f000-7fe642634000 r-xp 00000000 08:01 7868031                    /lib/x86_64-linux-gnu/libm-2.19.so
7fe642634000-7fe642833000 ---p 00105000 08:01 7868031                    /lib/x86_64-linux-gnu/libm-2.19.so
7fe642833000-7fe642834000 r--p 00104000 08:01 7868031                    /lib/x86_64-linux-gnu/libm-2.19.so
7fe642834000-7fe642835000 rw-p 00105000 08:01 7868031                    /lib/x86_64-linux-gnu/libm-2.19.so
7fe642835000-7fe6434f3000 r-xp 00000000 08:01 8664314                    /usr/lib/jvm/java-8-oracle/jre/lib/amd64/server/libjvm.so
7fe6434f3000-7fe6436f2000 ---p 00cbe000 08:01 8664314                    /usr/lib/jvm/java-8-oracle/jre/lib/amd64/server/libjvm.so
7fe6436f2000-7fe6437cb000 rw-p 00cbd000 08:01 8664314                    /usr/lib/jvm/java-8-oracle/jre/lib/amd64/server/libjvm.so
7fe6437cb000-7fe64380f000 rw-p 00000000 00:00 0 
7fe64380f000-7fe6439ca000 r-xp 00000000 08:01 7868061                    /lib/x86_64-linux-gnu/libc-2.19.so
7fe6439ca000-7fe643bc9000 ---p 001bb000 08:01 7868061                    /lib/x86_64-linux-gnu/libc-2.19.so
7fe643bc9000-7fe643bcd000 r--p 001ba000 08:01 7868061                    /lib/x86_64-linux-gnu/libc-2.19.so
7fe643bcd000-7fe643bcf000 rw-p 001be000 08:01 7868061                    /lib/x86_64-linux-gnu/libc-2.19.so
7fe643bcf000-7fe643bd4000 rw-p 00000000 00:00 0 
7fe643bd4000-7fe643bd7000 r-xp 00000000 08:01 7868039                    /lib/x86_64-linux-gnu/libdl-2.19.so
7fe643bd7000-7fe643dd6000 ---p 00003000 08:01 7868039                    /lib/x86_64-linux-gnu/libdl-2.19.so
7fe643dd6000-7fe643dd7000 r--p 00002000 08:01 7868039                    /lib/x86_64-linux-gnu/libdl-2.19.so
7fe643dd7000-7fe643dd8000 rw-p 00003000 08:01 7868039                    /lib/x86_64-linux-gnu/libdl-2.19.so
7fe643dd8000-7fe643ded000 r-xp 00000000 08:01 8519859                    /usr/lib/jvm/java-8-oracle/lib/amd64/jli/libjli.so
7fe643ded000-7fe643fed000 ---p 00015000 08:01 8519859                    /usr/lib/jvm/java-8-oracle/lib/amd64/jli/libjli.so
7fe643fed000-7fe643fee000 rw-p 00015000 08:01 8519859                    /usr/lib/jvm/java-8-oracle/lib/amd64/jli/libjli.so
7fe643fee000-7fe644007000 r-xp 00000000 08:01 7868063                    /lib/x86_64-linux-gnu/libpthread-2.19.so
7fe644007000-7fe644206000 ---p 00019000 08:01 7868063                    /lib/x86_64-linux-gnu/libpthread-2.19.so
7fe644206000-7fe644207000 r--p 00018000 08:01 7868063                    /lib/x86_64-linux-gnu/libpthread-2.19.so
7fe644207000-7fe644208000 rw-p 00019000 08:01 7868063                    /lib/x86_64-linux-gnu/libpthread-2.19.so
7fe644208000-7fe64420c000 rw-p 00000000 00:00 0 
7fe64420c000-7fe64422f000 r-xp 00000000 08:01 7868055                    /lib/x86_64-linux-gnu/ld-2.19.so
7fe64422f000-7fe644231000 r--s 00007000 08:01 6553851                    /home/nm/.m2/repository/net/sourceforge/jdatepicker/jdatepicker/1.3.2/jdatepicker-1.3.2.jar
7fe644231000-7fe644237000 r--s 0003b000 08:01 6423888                    /home/nm/.m2/repository/org/yaml/snakeyaml/1.9/snakeyaml-1.9.jar
7fe644237000-7fe644238000 r--s 00001000 08:01 6423009                    /home/nm/.m2/repository/org/slf4j/slf4j-jdk14/1.7.1/slf4j-jdk14-1.7.1.jar
7fe644238000-7fe644303000 rw-p 00000000 00:00 0 
7fe644303000-7fe644306000 ---p 00000000 00:00 0 
7fe644306000-7fe644408000 rw-p 00000000 00:00 0                          [stack:9960]
7fe644408000-7fe64440a000 r--s 00005000 08:01 6423006                    /home/nm/.m2/repository/org/slf4j/slf4j-api/1.7.1/slf4j-api-1.7.1.jar
7fe64440a000-7fe644410000 r--s 00034000 08:01 6423011                    /home/nm/.m2/repository/junit/junit/4.8.2/junit-4.8.2.jar
7fe644410000-7fe644414000 r--s 00034000 08:01 9964174                    /home/nm/.m2/repository/com/fasterxml/jackson/core/jackson-core/2.4.4/jackson-core-2.4.4.jar
7fe644414000-7fe644416000 r--s 00006000 08:01 7865201                    /home/nm/.m2/repository/io/protostuff/protostuff-json/1.3.3/protostuff-json-1.3.3.jar
7fe644416000-7fe644418000 r--s 0000c000 08:01 7865200                    /home/nm/.m2/repository/io/protostuff/protostuff-api/1.3.3/protostuff-api-1.3.3.jar
7fe644418000-7fe64441a000 r--s 00002000 08:01 6425129                    /home/nm/.m2/repository/net/sourceforge/javacsv/javacsv/2.0/javacsv-2.0.jar
7fe64441a000-7fe644422000 r--s 0007b000 08:01 6949369                    /home/nm/.m2/repository/com/google/protobuf/protobuf-java/2.5.0/protobuf-java-2.5.0.jar
7fe644422000-7fe64442a000 rw-s 00000000 08:01 5767317                    /tmp/hsperfdata_nm/9953
7fe64442a000-7fe64442b000 rw-p 00000000 00:00 0 
7fe64442b000-7fe64442c000 r--p 00000000 00:00 0 
7fe64442c000-7fe64442e000 rw-p 00000000 00:00 0 
7fe64442e000-7fe64442f000 r--p 00022000 08:01 7868055                    /lib/x86_64-linux-gnu/ld-2.19.so
7fe64442f000-7fe644430000 rw-p 00023000 08:01 7868055                    /lib/x86_64-linux-gnu/ld-2.19.so
7fe644430000-7fe644431000 rw-p 00000000 00:00 0 
7ffeed451000-7ffeed473000 rw-p 00000000 00:00 0                          [stack]
7ffeed480000-7ffeed482000 r-xp 00000000 00:00 0                          [vdso]
ffffffffff600000-ffffffffff601000 r-xp 00000000 00:00 0                  [vsyscall]

VM Arguments:
jvm_args: -Djava.library.path=/usr/local/lib -Dfile.encoding=UTF-8 
java_command: org.eclipse.jdt.internal.junit.runner.RemoteTestRunner -version 3 -port 59042 -testLoaderClass org.eclipse.jdt.internal.junit4.runner.JUnit4TestLoader -loaderpluginname org.eclipse.jdt.junit4.runtime -test org.yamcs.parameterarchive.TestStructure:testAllParamsInOneCf
java_class_path (initial): /home/nm/git/yamcs/yamcs-core/target/test-classes:/home/nm/git/yamcs/yamcs-core/target/classes:/home/nm/git/yamcs/yamcs-api/target/classes:/home/nm/.m2/repository/com/google/protobuf/protobuf-java/2.5.0/protobuf-java-2.5.0.jar:/home/nm/.m2/repository/io/netty/netty-all/4.0.13.Final/netty-all-4.0.13.Final.jar:/home/nm/.m2/repository/net/sourceforge/javacsv/javacsv/2.0/javacsv-2.0.jar:/home/nm/.m2/repository/io/protostuff/protostuff-api/1.3.3/protostuff-api-1.3.3.jar:/home/nm/.m2/repository/io/protostuff/protostuff-json/1.3.3/protostuff-json-1.3.3.jar:/home/nm/.m2/repository/com/fasterxml/jackson/core/jackson-core/2.4.4/jackson-core-2.4.4.jar:/home/nm/git/yamcs/yamcs-xtce/target/classes:/home/nm/.m2/repository/junit/junit/4.8.2/junit-4.8.2.jar:/home/nm/.m2/repository/org/python/jython-standalone/2.5.3/jython-standalone-2.5.3.jar:/home/nm/.m2/repository/org/slf4j/slf4j-api/1.7.1/slf4j-api-1.7.1.jar:/home/nm/.m2/repository/org/slf4j/slf4j-jdk14/1.7.1/slf4j-jdk14-1.7.1.jar:/home/nm/.m2/repository/janino/janino/2.5.15/janino-2.5.15.jar:/home/nm/.m2/repository/org/yaml/snakeyaml/1.9/snakeyaml-1.9.jar:/home/nm/.m2/repository/net/sourceforge/jdatepicker/jdatepicker/1.3.2/jdatepicker-1.3.2.jar:/home/nm/.m2/repository/net/sourceforge/jexcelapi/jxl/2.6.10/jxl-2.6.10.jar:/home/nm/.m2/repository/log4j/log4j/1.2.14/log4j-1.2.14.jar:/home/nm/.m2/repository/org/hornetq/hornetq-server/2.4.6.Final/hornetq-server-2.4.6.Final.jar:/home/nm/.m2/repository/org/jboss/logging/jboss-logging/3.1.0.GA/jboss-logging-3.1.0.GA.jar:/home/nm/.m2/repository/org/hornetq/hornetq-commons/2.4.6.Final/hornetq-commons-2.4.6.Final.jar:/home/nm/.m2/repository/org/hornetq/hornetq-journal/2.4.6.Final/hornetq-journal-2.4.6.Final.jar:/home/nm/.m2/repository/org/hornetq/hornetq-native/2.4.6.Final/hornetq-native-2.4.6.Final.jar:/home/nm/.m2/repository/org/hornetq/hornetq-core-client/2.4.6.Final/hornetq-core-client-2.4.6.Final.jar:/home/nm/.m2/repository/org/jgroups/jgroups/3.3.4.Final/
Launcher Type: SUN_STANDARD

Environment Variables:
JAVA_HOME=/usr/lib/jvm/java-8-oracle/
PATH=/home/nm/bin:/opt/eclipse:/usr/local/sbin:/usr/local/bin:/usr/sbin:/usr/bin:/sbin:/bin:/usr/games:/usr/local/games
SHELL=/bin/bash
DISPLAY=:0

Signal Handlers:
SIGSEGV: [libjvm.so+0xaba2a0], sa_mask[0]=11111111011111111101111111111110, sa_flags=SA_RESTART|SA_SIGINFO
SIGBUS: [libjvm.so+0xaba2a0], sa_mask[0]=11111111011111111101111111111110, sa_flags=SA_RESTART|SA_SIGINFO
SIGFPE: [libjvm.so+0x917710], sa_mask[0]=11111111011111111101111111111110, sa_flags=SA_RESTART|SA_SIGINFO
SIGPIPE: [libjvm.so+0x917710], sa_mask[0]=11111111011111111101111111111110, sa_flags=SA_RESTART|SA_SIGINFO
SIGXFSZ: [libjvm.so+0x917710], sa_mask[0]=11111111011111111101111111111110, sa_flags=SA_RESTART|SA_SIGINFO
SIGILL: [libjvm.so+0x917710], sa_mask[0]=11111111011111111101111111111110, sa_flags=SA_RESTART|SA_SIGINFO
SIGUSR1: SIG_DFL, sa_mask[0]=00000000000000000000000000000000, sa_flags=none
SIGUSR2: [libjvm.so+0x918d40], sa_mask[0]=00100000000000000000000000000000, sa_flags=SA_RESTART|SA_SIGINFO
SIGHUP: [libjvm.so+0x91a140], sa_mask[0]=11111111011111111101111111111110, sa_flags=SA_RESTART|SA_SIGINFO
SIGINT: [libjvm.so+0x91a140], sa_mask[0]=11111111011111111101111111111110, sa_flags=SA_RESTART|SA_SIGINFO
SIGTERM: [libjvm.so+0x91a140], sa_mask[0]=11111111011111111101111111111110, sa_flags=SA_RESTART|SA_SIGINFO
SIGQUIT: [libjvm.so+0x91a140], sa_mask[0]=11111111011111111101111111111110, sa_flags=SA_RESTART|SA_SIGINFO


---------------  S Y S T E M  ---------------

OS:DISTRIB_ID=Ubuntu
DISTRIB_RELEASE=14.04
DISTRIB_CODENAME=trusty
DISTRIB_DESCRIPTION="Ubuntu 14.04.3 LTS"

uname:Linux 3.13.0-71-generic #114-Ubuntu SMP Tue Dec 1 02:34:22 UTC 2015 x86_64
libc:glibc 2.19 NPTL 2.19 
rlimit: STACK 8192k, CORE 0k, NPROC 62893, NOFILE 4096, AS infinity
load average:1.45 2.99 3.34

/proc/meminfo:
MemTotal:        8080200 kB
MemFree:         2136128 kB
Buffers:           24868 kB
Cached:          2773720 kB
SwapCached:        94828 kB
Active:          2655236 kB
Inactive:        2878000 kB
Active(anon):    2251100 kB
Inactive(anon):  1067928 kB
Active(file):     404136 kB
Inactive(file):  1810072 kB
Unevictable:          64 kB
Mlocked:              64 kB
SwapTotal:       7812092 kB
SwapFree:        6782172 kB
Dirty:              4476 kB
Writeback:             0 kB
AnonPages:       2703996 kB
Mapped:           435592 kB
Shmem:            584284 kB
Slab:             229812 kB
SReclaimable:     173340 kB
SUnreclaim:        56472 kB
KernelStack:        6488 kB
PageTables:        57984 kB
NFS_Unstable:          0 kB
Bounce:                0 kB
WritebackTmp:          0 kB
CommitLimit:    11852192 kB
Committed_AS:    9471264 kB
VmallocTotal:   34359738367 kB
VmallocUsed:      382080 kB
VmallocChunk:   34359333976 kB
HardwareCorrupted:     0 kB
AnonHugePages:   1226752 kB
HugePages_Total:       0
HugePages_Free:        0
HugePages_Rsvd:        0
HugePages_Surp:        0
Hugepagesize:       2048 kB
DirectMap4k:      196304 kB
DirectMap2M:     7047168 kB
DirectMap1G:     1048576 kB


CPU:total 4 (2 cores per cpu, 2 threads per core) family 6 model 60 stepping 3, cmov, cx8, fxsr, mmx, sse, sse2, sse3, ssse3, sse4.1, sse4.2, popcnt, avx, avx2, aes, clmul, erms, rtm, lzcnt, ht, tsc, tscinvbit, bmi1, bmi2

/proc/cpuinfo:
processor	: 0
vendor_id	: GenuineIntel
cpu family	: 6
model		: 60
model name	: Intel(R) Core(TM) i7-4610M CPU @ 3.00GHz
stepping	: 3
microcode	: 0x17
cpu MHz		: 1000.000
cache size	: 4096 KB
physical id	: 0
siblings	: 4
core id		: 0
cpu cores	: 2
apicid		: 0
initial apicid	: 0
fpu		: yes
fpu_exception	: yes
cpuid level	: 13
wp		: yes
flags		: fpu vme de pse tsc msr pae mce cx8 apic sep mtrr pge mca cmov pat pse36 clflush dts acpi mmx fxsr sse sse2 ss ht tm pbe syscall nx pdpe1gb rdtscp lm constant_tsc arch_perfmon pebs bts rep_good nopl xtopology nonstop_tsc aperfmperf eagerfpu pni pclmulqdq dtes64 monitor ds_cpl vmx smx est tm2 ssse3 fma cx16 xtpr pdcm pcid sse4_1 sse4_2 x2apic movbe popcnt tsc_deadline_timer aes xsave avx f16c rdrand lahf_lm abm ida arat epb xsaveopt pln pts dtherm tpr_shadow vnmi flexpriority ept vpid fsgsbase tsc_adjust bmi1 hle avx2 smep bmi2 erms invpcid rtm
bogomips	: 5986.24
clflush size	: 64
cache_alignment	: 64
address sizes	: 39 bits physical, 48 bits virtual
power management:

processor	: 1
vendor_id	: GenuineIntel
cpu family	: 6
model		: 60
model name	: Intel(R) Core(TM) i7-4610M CPU @ 3.00GHz
stepping	: 3
microcode	: 0x17
cpu MHz		: 1000.000
cache size	: 4096 KB
physical id	: 0
siblings	: 4
core id		: 1
cpu cores	: 2
apicid		: 2
initial apicid	: 2
fpu		: yes
fpu_exception	: yes
cpuid level	: 13
wp		: yes
flags		: fpu vme de pse tsc msr pae mce cx8 apic sep mtrr pge mca cmov pat pse36 clflush dts acpi mmx fxsr sse sse2 ss ht tm pbe syscall nx pdpe1gb rdtscp lm constant_tsc arch_perfmon pebs bts rep_good nopl xtopology nonstop_tsc aperfmperf eagerfpu pni pclmulqdq dtes64 monitor ds_cpl vmx smx est tm2 ssse3 fma cx16 xtpr pdcm pcid sse4_1 sse4_2 x2apic movbe popcnt tsc_deadline_timer aes xsave avx f16c rdrand lahf_lm abm ida arat epb xsaveopt pln pts dtherm tpr_shadow vnmi flexpriority ept vpid fsgsbase tsc_adjust bmi1 hle avx2 smep bmi2 erms invpcid rtm
bogomips	: 5986.24
clflush size	: 64
cache_alignment	: 64
address sizes	: 39 bits physical, 48 bits virtual
power management:

processor	: 2
vendor_id	: GenuineIntel
cpu family	: 6
model		: 60
model name	: Intel(R) Core(TM) i7-4610M CPU @ 3.00GHz
stepping	: 3
microcode	: 0x17
cpu MHz		: 1000.000
cache size	: 4096 KB
physical id	: 0
siblings	: 4
core id		: 0
cpu cores	: 2
apicid		: 1
initial apicid	: 1
fpu		: yes
fpu_exception	: yes
cpuid level	: 13
wp		: yes
flags		: fpu vme de pse tsc msr pae mce cx8 apic sep mtrr pge mca cmov pat pse36 clflush dts acpi mmx fxsr sse sse2 ss ht tm pbe syscall nx pdpe1gb rdtscp lm constant_tsc arch_perfmon pebs bts rep_good nopl xtopology nonstop_tsc aperfmperf eagerfpu pni pclmulqdq dtes64 monitor ds_cpl vmx smx est tm2 ssse3 fma cx16 xtpr pdcm pcid sse4_1 sse4_2 x2apic movbe popcnt tsc_deadline_timer aes xsave avx f16c rdrand lahf_lm abm ida arat epb xsaveopt pln pts dtherm tpr_shadow vnmi flexpriority ept vpid fsgsbase tsc_adjust bmi1 hle avx2 smep bmi2 erms invpcid rtm
bogomips	: 5986.24
clflush size	: 64
cache_alignment	: 64
address sizes	: 39 bits physical, 48 bits virtual
power management:

processor	: 3
vendor_id	: GenuineIntel
cpu family	: 6
model		: 60
model name	: Intel(R) Core(TM) i7-4610M CPU @ 3.00GHz
stepping	: 3
microcode	: 0x17
cpu MHz		: 1000.000
cache size	: 4096 KB
physical id	: 0
siblings	: 4
core id		: 1
cpu cores	: 2
apicid		: 3
initial apicid	: 3
fpu		: yes
fpu_exception	: yes
cpuid level	: 13
wp		: yes
flags		: fpu vme de pse tsc msr pae mce cx8 apic sep mtrr pge mca cmov pat pse36 clflush dts acpi mmx fxsr sse sse2 ss ht tm pbe syscall nx pdpe1gb rdtscp lm constant_tsc arch_perfmon pebs bts rep_good nopl xtopology nonstop_tsc aperfmperf eagerfpu pni pclmulqdq dtes64 monitor ds_cpl vmx smx est tm2 ssse3 fma cx16 xtpr pdcm pcid sse4_1 sse4_2 x2apic movbe popcnt tsc_deadline_timer aes xsave avx f16c rdrand lahf_lm abm ida arat epb xsaveopt pln pts dtherm tpr_shadow vnmi flexpriority ept vpid fsgsbase tsc_adjust bmi1 hle avx2 smep bmi2 erms invpcid rtm
bogomips	: 5986.24
clflush size	: 64
cache_alignment	: 64
address sizes	: 39 bits physical, 48 bits virtual
power management:



Memory: 4k page, physical 8080200k(2136128k free), swap 7812092k(6782172k free)

vm_info: Java HotSpot(TM) 64-Bit Server VM (25.66-b17) for linux-amd64 JRE (1.8.0_66-b17), built on Oct  6 2015 17:28:34 by "java_re" with gcc 4.3.0 20080428 (Red Hat 4.3.0-8)

time: Fri Dec  4 14:18:00 2015
elapsed time: 2 seconds (0d 0h 0m 2s)

